<?xml version="1.0" encoding="UTF-8"?>
<testng-results skipped="0" failed="19" total="196" passed="177">
  <reporter-output>
  </reporter-output>
  <suite name="uaua.firefox" duration-ms="4802938" started-at="2015-06-19T12:09:50Z" finished-at="2015-06-19T13:29:53Z">
    <groups>
    </groups>
    <test name="FirefoxTest" duration-ms="4802938" started-at="2015-06-19T12:09:50Z" finished-at="2015-06-19T13:29:53Z">
      <class name="tests.uaua.TestUaUaCommonService">
        <test-method status="PASS" signature="setUp(java.lang.String)[pri:0, instance:tests.uaua.TestUaUaCommonService@3834d63f]" name="setUp" is-config="true" duration-ms="17630" started-at="2015-06-19T15:47:41Z" finished-at="2015-06-19T15:47:59Z">
          <params>
            <param index="0">
              <value>
                <![CDATA[firefox]]>
              </value>
            </param>
          </params>
          <reporter-output>
          </reporter-output>
        </test-method> <!-- setUp -->
        <test-method status="PASS" signature="beforeMethod()[pri:0, instance:tests.uaua.TestUaUaCommonService@3834d63f]" name="beforeMethod" is-config="true" duration-ms="3739" started-at="2015-06-19T15:47:59Z" finished-at="2015-06-19T15:48:02Z">
          <reporter-output>
          </reporter-output>
        </test-method> <!-- beforeMethod -->
        <test-method status="PASS" signature="testCDR01()[pri:0, instance:tests.uaua.TestUaUaCommonService@3834d63f]" name="testCDR01" duration-ms="14124" started-at="2015-06-19T15:48:02Z" description="ID = &lt;CDR01&gt; Переход через НАЖАТИЕ на &#039;Сервисы&#039; &gt; &#039;Центры детского развития" finished-at="2015-06-19T15:48:17Z">
          <reporter-output>
          </reporter-output>
        </test-method> <!-- testCDR01 -->
        <test-method status="PASS" signature="takeScreenShotOnFailure(org.testng.ITestResult, java.lang.reflect.Method)[pri:0, instance:tests.uaua.TestUaUaCommonService@3834d63f]" name="takeScreenShotOnFailure" is-config="true" duration-ms="2507" started-at="2015-06-19T15:48:17Z" finished-at="2015-06-19T15:48:19Z">
          <params>
            <param index="0">
              <value>
                <![CDATA[[TestResult name=testCDR01 status=SUCCESS method=TestUaUaCommonService.testCDR01()[pri:0, instance:tests.uaua.TestUaUaCommonService@3834d63f] output={null}]]]>
              </value>
            </param>
            <param index="1">
              <value>
                <![CDATA[public void tests.uaua.TestUaUaCommonService.testCDR01()]]>
              </value>
            </param>
          </params>
          <reporter-output>
          </reporter-output>
        </test-method> <!-- takeScreenShotOnFailure -->
        <test-method status="PASS" signature="beforeMethod()[pri:0, instance:tests.uaua.TestUaUaCommonService@3834d63f]" name="beforeMethod" is-config="true" duration-ms="3549" started-at="2015-06-19T15:48:19Z" finished-at="2015-06-19T15:48:23Z">
          <reporter-output>
          </reporter-output>
        </test-method> <!-- beforeMethod -->
        <test-method status="PASS" signature="testCDR02()[pri:0, instance:tests.uaua.TestUaUaCommonService@3834d63f]" name="testCDR02" duration-ms="9202" started-at="2015-06-19T15:48:23Z" description="ID = &lt;CDR02&gt; Переход через футер на &#039;Центры детского развития" finished-at="2015-06-19T15:48:32Z">
          <reporter-output>
          </reporter-output>
        </test-method> <!-- testCDR02 -->
        <test-method status="PASS" signature="takeScreenShotOnFailure(org.testng.ITestResult, java.lang.reflect.Method)[pri:0, instance:tests.uaua.TestUaUaCommonService@3834d63f]" name="takeScreenShotOnFailure" is-config="true" duration-ms="2053" started-at="2015-06-19T15:48:32Z" finished-at="2015-06-19T15:48:34Z">
          <params>
            <param index="0">
              <value>
                <![CDATA[[TestResult name=testCDR02 status=SUCCESS method=TestUaUaCommonService.testCDR02()[pri:0, instance:tests.uaua.TestUaUaCommonService@3834d63f] output={null}]]]>
              </value>
            </param>
            <param index="1">
              <value>
                <![CDATA[public void tests.uaua.TestUaUaCommonService.testCDR02()]]>
              </value>
            </param>
          </params>
          <reporter-output>
          </reporter-output>
        </test-method> <!-- takeScreenShotOnFailure -->
        <test-method status="PASS" signature="beforeMethod()[pri:0, instance:tests.uaua.TestUaUaCommonService@3834d63f]" name="beforeMethod" is-config="true" duration-ms="3602" started-at="2015-06-19T15:48:34Z" finished-at="2015-06-19T15:48:37Z">
          <reporter-output>
          </reporter-output>
        </test-method> <!-- beforeMethod -->
        <test-method status="PASS" signature="testCDR03()[pri:0, instance:tests.uaua.TestUaUaCommonService@3834d63f]" name="testCDR03" duration-ms="9273" started-at="2015-06-19T15:48:37Z" description="ID = &lt;CDR03&gt; Переход на сервис Центры детского развития через хедер, НАВЕДЕНИЕМ на сервисы" finished-at="2015-06-19T15:48:47Z">
          <reporter-output>
          </reporter-output>
        </test-method> <!-- testCDR03 -->
        <test-method status="PASS" signature="takeScreenShotOnFailure(org.testng.ITestResult, java.lang.reflect.Method)[pri:0, instance:tests.uaua.TestUaUaCommonService@3834d63f]" name="takeScreenShotOnFailure" is-config="true" duration-ms="1896" started-at="2015-06-19T15:48:47Z" finished-at="2015-06-19T15:48:49Z">
          <params>
            <param index="0">
              <value>
                <![CDATA[[TestResult name=testCDR03 status=SUCCESS method=TestUaUaCommonService.testCDR03()[pri:0, instance:tests.uaua.TestUaUaCommonService@3834d63f] output={null}]]]>
              </value>
            </param>
            <param index="1">
              <value>
                <![CDATA[public void tests.uaua.TestUaUaCommonService.testCDR03()]]>
              </value>
            </param>
          </params>
          <reporter-output>
          </reporter-output>
        </test-method> <!-- takeScreenShotOnFailure -->
        <test-method status="PASS" signature="beforeMethod()[pri:0, instance:tests.uaua.TestUaUaCommonService@3834d63f]" name="beforeMethod" is-config="true" duration-ms="3416" started-at="2015-06-19T15:48:49Z" finished-at="2015-06-19T15:48:52Z">
          <reporter-output>
          </reporter-output>
        </test-method> <!-- beforeMethod -->
        <test-method status="PASS" signature="testCDR04()[pri:0, instance:tests.uaua.TestUaUaCommonService@3834d63f]" name="testCDR04" duration-ms="5791" started-at="2015-06-19T15:48:52Z" description="ID = &lt;CDR04&gt; Проверка правильности названия раздела Центры детского развития  +Скрин " finished-at="2015-06-19T15:48:58Z">
          <reporter-output>
          </reporter-output>
        </test-method> <!-- testCDR04 -->
        <test-method status="PASS" signature="takeScreenShotOnFailure(org.testng.ITestResult, java.lang.reflect.Method)[pri:0, instance:tests.uaua.TestUaUaCommonService@3834d63f]" name="takeScreenShotOnFailure" is-config="true" duration-ms="2036" started-at="2015-06-19T15:48:58Z" finished-at="2015-06-19T15:49:00Z">
          <params>
            <param index="0">
              <value>
                <![CDATA[[TestResult name=testCDR04 status=SUCCESS method=TestUaUaCommonService.testCDR04()[pri:0, instance:tests.uaua.TestUaUaCommonService@3834d63f] output={null}]]]>
              </value>
            </param>
            <param index="1">
              <value>
                <![CDATA[public void tests.uaua.TestUaUaCommonService.testCDR04()]]>
              </value>
            </param>
          </params>
          <reporter-output>
          </reporter-output>
        </test-method> <!-- takeScreenShotOnFailure -->
        <test-method status="PASS" signature="beforeMethod()[pri:0, instance:tests.uaua.TestUaUaCommonService@3834d63f]" name="beforeMethod" is-config="true" duration-ms="3179" started-at="2015-06-19T15:49:00Z" finished-at="2015-06-19T15:49:03Z">
          <reporter-output>
          </reporter-output>
        </test-method> <!-- beforeMethod -->
        <test-method status="PASS" signature="testCDR05()[pri:0, instance:tests.uaua.TestUaUaCommonService@3834d63f]" name="testCDR05" duration-ms="10529" started-at="2015-06-19T15:49:03Z" description="ID = &lt;CDR05&gt; Переход на сервис Центры детского развития через &#039;объекты&#039; с другой страницы" finished-at="2015-06-19T15:49:14Z">
          <reporter-output>
          </reporter-output>
        </test-method> <!-- testCDR05 -->
        <test-method status="PASS" signature="takeScreenShotOnFailure(org.testng.ITestResult, java.lang.reflect.Method)[pri:0, instance:tests.uaua.TestUaUaCommonService@3834d63f]" name="takeScreenShotOnFailure" is-config="true" duration-ms="1706" started-at="2015-06-19T15:49:14Z" finished-at="2015-06-19T15:49:15Z">
          <params>
            <param index="0">
              <value>
                <![CDATA[[TestResult name=testCDR05 status=SUCCESS method=TestUaUaCommonService.testCDR05()[pri:0, instance:tests.uaua.TestUaUaCommonService@3834d63f] output={null}]]]>
              </value>
            </param>
            <param index="1">
              <value>
                <![CDATA[public void tests.uaua.TestUaUaCommonService.testCDR05()]]>
              </value>
            </param>
          </params>
          <reporter-output>
          </reporter-output>
        </test-method> <!-- takeScreenShotOnFailure -->
        <test-method status="PASS" signature="beforeMethod()[pri:0, instance:tests.uaua.TestUaUaCommonService@3834d63f]" name="beforeMethod" is-config="true" duration-ms="6239" started-at="2015-06-19T15:49:15Z" finished-at="2015-06-19T15:49:22Z">
          <reporter-output>
          </reporter-output>
        </test-method> <!-- beforeMethod -->
        <test-method status="PASS" signature="testCDR06()[pri:0, instance:tests.uaua.TestUaUaCommonService@3834d63f]" name="testCDR06" duration-ms="6536" started-at="2015-06-19T15:49:22Z" description="ID = &lt;CDR06&gt; Наличие блоков поиск и таблица" finished-at="2015-06-19T15:49:28Z">
          <reporter-output>
          </reporter-output>
        </test-method> <!-- testCDR06 -->
        <test-method status="PASS" signature="takeScreenShotOnFailure(org.testng.ITestResult, java.lang.reflect.Method)[pri:0, instance:tests.uaua.TestUaUaCommonService@3834d63f]" name="takeScreenShotOnFailure" is-config="true" duration-ms="1511" started-at="2015-06-19T15:49:28Z" finished-at="2015-06-19T15:49:30Z">
          <params>
            <param index="0">
              <value>
                <![CDATA[[TestResult name=testCDR06 status=SUCCESS method=TestUaUaCommonService.testCDR06()[pri:0, instance:tests.uaua.TestUaUaCommonService@3834d63f] output={null}]]]>
              </value>
            </param>
            <param index="1">
              <value>
                <![CDATA[public void tests.uaua.TestUaUaCommonService.testCDR06()]]>
              </value>
            </param>
          </params>
          <reporter-output>
          </reporter-output>
        </test-method> <!-- takeScreenShotOnFailure -->
        <test-method status="PASS" signature="beforeMethod()[pri:0, instance:tests.uaua.TestUaUaCommonService@3834d63f]" name="beforeMethod" is-config="true" duration-ms="5792" started-at="2015-06-19T15:49:30Z" finished-at="2015-06-19T15:49:35Z">
          <reporter-output>
          </reporter-output>
        </test-method> <!-- beforeMethod -->
        <test-method status="PASS" signature="testDS01()[pri:0, instance:tests.uaua.TestUaUaCommonService@3834d63f]" name="testDS01" duration-ms="15896" started-at="2015-06-19T15:49:35Z" description="ID = &lt;DS01&gt; Переход через НАЖАТИЕ на &#039;Сервисы&#039; &gt; &#039;детские сады" finished-at="2015-06-19T15:49:51Z">
          <reporter-output>
          </reporter-output>
        </test-method> <!-- testDS01 -->
        <test-method status="PASS" signature="takeScreenShotOnFailure(org.testng.ITestResult, java.lang.reflect.Method)[pri:0, instance:tests.uaua.TestUaUaCommonService@3834d63f]" name="takeScreenShotOnFailure" is-config="true" duration-ms="1815" started-at="2015-06-19T15:49:51Z" finished-at="2015-06-19T15:49:53Z">
          <params>
            <param index="0">
              <value>
                <![CDATA[[TestResult name=testDS01 status=SUCCESS method=TestUaUaCommonService.testDS01()[pri:0, instance:tests.uaua.TestUaUaCommonService@3834d63f] output={null}]]]>
              </value>
            </param>
            <param index="1">
              <value>
                <![CDATA[public void tests.uaua.TestUaUaCommonService.testDS01()]]>
              </value>
            </param>
          </params>
          <reporter-output>
          </reporter-output>
        </test-method> <!-- takeScreenShotOnFailure -->
        <test-method status="PASS" signature="beforeMethod()[pri:0, instance:tests.uaua.TestUaUaCommonService@3834d63f]" name="beforeMethod" is-config="true" duration-ms="2758" started-at="2015-06-19T15:49:53Z" finished-at="2015-06-19T15:49:56Z">
          <reporter-output>
          </reporter-output>
        </test-method> <!-- beforeMethod -->
        <test-method status="PASS" signature="testDS02()[pri:0, instance:tests.uaua.TestUaUaCommonService@3834d63f]" name="testDS02" duration-ms="7690" started-at="2015-06-19T15:49:56Z" description="ID = &lt;DS02&gt; Переход через футер на &#039;детские сады" finished-at="2015-06-19T15:50:04Z">
          <reporter-output>
          </reporter-output>
        </test-method> <!-- testDS02 -->
        <test-method status="PASS" signature="takeScreenShotOnFailure(org.testng.ITestResult, java.lang.reflect.Method)[pri:0, instance:tests.uaua.TestUaUaCommonService@3834d63f]" name="takeScreenShotOnFailure" is-config="true" duration-ms="1426" started-at="2015-06-19T15:50:04Z" finished-at="2015-06-19T15:50:05Z">
          <params>
            <param index="0">
              <value>
                <![CDATA[[TestResult name=testDS02 status=SUCCESS method=TestUaUaCommonService.testDS02()[pri:0, instance:tests.uaua.TestUaUaCommonService@3834d63f] output={null}]]]>
              </value>
            </param>
            <param index="1">
              <value>
                <![CDATA[public void tests.uaua.TestUaUaCommonService.testDS02()]]>
              </value>
            </param>
          </params>
          <reporter-output>
          </reporter-output>
        </test-method> <!-- takeScreenShotOnFailure -->
        <test-method status="PASS" signature="beforeMethod()[pri:0, instance:tests.uaua.TestUaUaCommonService@3834d63f]" name="beforeMethod" is-config="true" duration-ms="3568" started-at="2015-06-19T15:50:05Z" finished-at="2015-06-19T15:50:09Z">
          <reporter-output>
          </reporter-output>
        </test-method> <!-- beforeMethod -->
        <test-method status="PASS" signature="testDS03()[pri:0, instance:tests.uaua.TestUaUaCommonService@3834d63f]" name="testDS03" duration-ms="8301" started-at="2015-06-19T15:50:09Z" description="ID = &lt;DS03&gt; Переход на сервис Д/с через хедер, НАВЕДЕНИЕМ на сервисы" finished-at="2015-06-19T15:50:17Z">
          <reporter-output>
          </reporter-output>
        </test-method> <!-- testDS03 -->
        <test-method status="PASS" signature="takeScreenShotOnFailure(org.testng.ITestResult, java.lang.reflect.Method)[pri:0, instance:tests.uaua.TestUaUaCommonService@3834d63f]" name="takeScreenShotOnFailure" is-config="true" duration-ms="2050" started-at="2015-06-19T15:50:17Z" finished-at="2015-06-19T15:50:19Z">
          <params>
            <param index="0">
              <value>
                <![CDATA[[TestResult name=testDS03 status=SUCCESS method=TestUaUaCommonService.testDS03()[pri:0, instance:tests.uaua.TestUaUaCommonService@3834d63f] output={null}]]]>
              </value>
            </param>
            <param index="1">
              <value>
                <![CDATA[public void tests.uaua.TestUaUaCommonService.testDS03()]]>
              </value>
            </param>
          </params>
          <reporter-output>
          </reporter-output>
        </test-method> <!-- takeScreenShotOnFailure -->
        <test-method status="PASS" signature="beforeMethod()[pri:0, instance:tests.uaua.TestUaUaCommonService@3834d63f]" name="beforeMethod" is-config="true" duration-ms="2895" started-at="2015-06-19T15:50:19Z" finished-at="2015-06-19T15:50:22Z">
          <reporter-output>
          </reporter-output>
        </test-method> <!-- beforeMethod -->
        <test-method status="PASS" signature="testDS04()[pri:0, instance:tests.uaua.TestUaUaCommonService@3834d63f]" name="testDS04" duration-ms="6646" started-at="2015-06-19T15:50:22Z" description="ID = &lt;DS04&gt; Проверка правильности названия раздела  +Скрин " finished-at="2015-06-19T15:50:28Z">
          <reporter-output>
          </reporter-output>
        </test-method> <!-- testDS04 -->
        <test-method status="PASS" signature="takeScreenShotOnFailure(org.testng.ITestResult, java.lang.reflect.Method)[pri:0, instance:tests.uaua.TestUaUaCommonService@3834d63f]" name="takeScreenShotOnFailure" is-config="true" duration-ms="1429" started-at="2015-06-19T15:50:28Z" finished-at="2015-06-19T15:50:30Z">
          <params>
            <param index="0">
              <value>
                <![CDATA[[TestResult name=testDS04 status=SUCCESS method=TestUaUaCommonService.testDS04()[pri:0, instance:tests.uaua.TestUaUaCommonService@3834d63f] output={null}]]]>
              </value>
            </param>
            <param index="1">
              <value>
                <![CDATA[public void tests.uaua.TestUaUaCommonService.testDS04() throws java.io.IOException]]>
              </value>
            </param>
          </params>
          <reporter-output>
          </reporter-output>
        </test-method> <!-- takeScreenShotOnFailure -->
        <test-method status="PASS" signature="beforeMethod()[pri:0, instance:tests.uaua.TestUaUaCommonService@3834d63f]" name="beforeMethod" is-config="true" duration-ms="4434" started-at="2015-06-19T15:50:30Z" finished-at="2015-06-19T15:50:34Z">
          <reporter-output>
          </reporter-output>
        </test-method> <!-- beforeMethod -->
        <test-method status="PASS" signature="testDS05()[pri:0, instance:tests.uaua.TestUaUaCommonService@3834d63f]" name="testDS05" duration-ms="11016" started-at="2015-06-19T15:50:34Z" description="ID = &lt;DS05&gt; Переход на сервис Д/c через &#039;объекты&#039; с другой страницы" finished-at="2015-06-19T15:50:45Z">
          <reporter-output>
          </reporter-output>
        </test-method> <!-- testDS05 -->
        <test-method status="PASS" signature="takeScreenShotOnFailure(org.testng.ITestResult, java.lang.reflect.Method)[pri:0, instance:tests.uaua.TestUaUaCommonService@3834d63f]" name="takeScreenShotOnFailure" is-config="true" duration-ms="1443" started-at="2015-06-19T15:50:45Z" finished-at="2015-06-19T15:50:47Z">
          <params>
            <param index="0">
              <value>
                <![CDATA[[TestResult name=testDS05 status=SUCCESS method=TestUaUaCommonService.testDS05()[pri:0, instance:tests.uaua.TestUaUaCommonService@3834d63f] output={null}]]]>
              </value>
            </param>
            <param index="1">
              <value>
                <![CDATA[public void tests.uaua.TestUaUaCommonService.testDS05()]]>
              </value>
            </param>
          </params>
          <reporter-output>
          </reporter-output>
        </test-method> <!-- takeScreenShotOnFailure -->
        <test-method status="PASS" signature="beforeMethod()[pri:0, instance:tests.uaua.TestUaUaCommonService@3834d63f]" name="beforeMethod" is-config="true" duration-ms="4627" started-at="2015-06-19T15:50:47Z" finished-at="2015-06-19T15:50:51Z">
          <reporter-output>
          </reporter-output>
        </test-method> <!-- beforeMethod -->
        <test-method status="PASS" signature="testDS06()[pri:0, instance:tests.uaua.TestUaUaCommonService@3834d63f]" name="testDS06" duration-ms="4865" started-at="2015-06-19T15:50:51Z" description="ID = &lt;DS06&gt; Наличие блоков поиск и таблица" finished-at="2015-06-19T15:50:56Z">
          <reporter-output>
          </reporter-output>
        </test-method> <!-- testDS06 -->
        <test-method status="PASS" signature="takeScreenShotOnFailure(org.testng.ITestResult, java.lang.reflect.Method)[pri:0, instance:tests.uaua.TestUaUaCommonService@3834d63f]" name="takeScreenShotOnFailure" is-config="true" duration-ms="1537" started-at="2015-06-19T15:50:56Z" finished-at="2015-06-19T15:50:58Z">
          <params>
            <param index="0">
              <value>
                <![CDATA[[TestResult name=testDS06 status=SUCCESS method=TestUaUaCommonService.testDS06()[pri:0, instance:tests.uaua.TestUaUaCommonService@3834d63f] output={null}]]]>
              </value>
            </param>
            <param index="1">
              <value>
                <![CDATA[public void tests.uaua.TestUaUaCommonService.testDS06()]]>
              </value>
            </param>
          </params>
          <reporter-output>
          </reporter-output>
        </test-method> <!-- takeScreenShotOnFailure -->
        <test-method status="PASS" signature="beforeMethod()[pri:0, instance:tests.uaua.TestUaUaCommonService@3834d63f]" name="beforeMethod" is-config="true" duration-ms="3823" started-at="2015-06-19T15:50:58Z" finished-at="2015-06-19T15:51:02Z">
          <reporter-output>
          </reporter-output>
        </test-method> <!-- beforeMethod -->
        <test-method status="PASS" signature="testDSch01()[pri:0, instance:tests.uaua.TestUaUaCommonService@3834d63f]" name="testDSch01" duration-ms="16734" started-at="2015-06-19T15:51:02Z" description="ID = &lt;DSch01&gt; Переход через НАЖАТИЕ на &#039;Сервисы&#039; &gt; &#039;Школы Танцев " finished-at="2015-06-19T15:51:18Z">
          <reporter-output>
          </reporter-output>
        </test-method> <!-- testDSch01 -->
        <test-method status="PASS" signature="takeScreenShotOnFailure(org.testng.ITestResult, java.lang.reflect.Method)[pri:0, instance:tests.uaua.TestUaUaCommonService@3834d63f]" name="takeScreenShotOnFailure" is-config="true" duration-ms="1370" started-at="2015-06-19T15:51:18Z" finished-at="2015-06-19T15:51:20Z">
          <params>
            <param index="0">
              <value>
                <![CDATA[[TestResult name=testDSch01 status=SUCCESS method=TestUaUaCommonService.testDSch01()[pri:0, instance:tests.uaua.TestUaUaCommonService@3834d63f] output={null}]]]>
              </value>
            </param>
            <param index="1">
              <value>
                <![CDATA[public void tests.uaua.TestUaUaCommonService.testDSch01()]]>
              </value>
            </param>
          </params>
          <reporter-output>
          </reporter-output>
        </test-method> <!-- takeScreenShotOnFailure -->
        <test-method status="PASS" signature="beforeMethod()[pri:0, instance:tests.uaua.TestUaUaCommonService@3834d63f]" name="beforeMethod" is-config="true" duration-ms="3931" started-at="2015-06-19T15:51:20Z" finished-at="2015-06-19T15:51:24Z">
          <reporter-output>
          </reporter-output>
        </test-method> <!-- beforeMethod -->
        <test-method status="PASS" signature="testDSch02()[pri:0, instance:tests.uaua.TestUaUaCommonService@3834d63f]" name="testDSch02" duration-ms="10080" started-at="2015-06-19T15:51:24Z" description="ID = &lt;DSch02&gt; Переход через футер на &#039;Школы Танцев " finished-at="2015-06-19T15:51:34Z">
          <reporter-output>
          </reporter-output>
        </test-method> <!-- testDSch02 -->
        <test-method status="PASS" signature="takeScreenShotOnFailure(org.testng.ITestResult, java.lang.reflect.Method)[pri:0, instance:tests.uaua.TestUaUaCommonService@3834d63f]" name="takeScreenShotOnFailure" is-config="true" duration-ms="1423" started-at="2015-06-19T15:51:34Z" finished-at="2015-06-19T15:51:35Z">
          <params>
            <param index="0">
              <value>
                <![CDATA[[TestResult name=testDSch02 status=SUCCESS method=TestUaUaCommonService.testDSch02()[pri:0, instance:tests.uaua.TestUaUaCommonService@3834d63f] output={null}]]]>
              </value>
            </param>
            <param index="1">
              <value>
                <![CDATA[public void tests.uaua.TestUaUaCommonService.testDSch02()]]>
              </value>
            </param>
          </params>
          <reporter-output>
          </reporter-output>
        </test-method> <!-- takeScreenShotOnFailure -->
        <test-method status="PASS" signature="beforeMethod()[pri:0, instance:tests.uaua.TestUaUaCommonService@3834d63f]" name="beforeMethod" is-config="true" duration-ms="3891" started-at="2015-06-19T15:51:35Z" finished-at="2015-06-19T15:51:39Z">
          <reporter-output>
          </reporter-output>
        </test-method> <!-- beforeMethod -->
        <test-method status="PASS" signature="testDSch03()[pri:0, instance:tests.uaua.TestUaUaCommonService@3834d63f]" name="testDSch03" duration-ms="11820" started-at="2015-06-19T15:51:39Z" description="ID = &lt;DSch03&gt; Переход на сервис Школы Танцев через хедер, НАВЕДЕНИЕМ на сервисы" finished-at="2015-06-19T15:51:51Z">
          <reporter-output>
          </reporter-output>
        </test-method> <!-- testDSch03 -->
        <test-method status="PASS" signature="takeScreenShotOnFailure(org.testng.ITestResult, java.lang.reflect.Method)[pri:0, instance:tests.uaua.TestUaUaCommonService@3834d63f]" name="takeScreenShotOnFailure" is-config="true" duration-ms="1537" started-at="2015-06-19T15:51:51Z" finished-at="2015-06-19T15:51:52Z">
          <params>
            <param index="0">
              <value>
                <![CDATA[[TestResult name=testDSch03 status=SUCCESS method=TestUaUaCommonService.testDSch03()[pri:0, instance:tests.uaua.TestUaUaCommonService@3834d63f] output={null}]]]>
              </value>
            </param>
            <param index="1">
              <value>
                <![CDATA[public void tests.uaua.TestUaUaCommonService.testDSch03()]]>
              </value>
            </param>
          </params>
          <reporter-output>
          </reporter-output>
        </test-method> <!-- takeScreenShotOnFailure -->
        <test-method status="PASS" signature="beforeMethod()[pri:0, instance:tests.uaua.TestUaUaCommonService@3834d63f]" name="beforeMethod" is-config="true" duration-ms="7409" started-at="2015-06-19T15:51:52Z" finished-at="2015-06-19T15:52:00Z">
          <reporter-output>
          </reporter-output>
        </test-method> <!-- beforeMethod -->
        <test-method status="PASS" signature="testDSch04()[pri:0, instance:tests.uaua.TestUaUaCommonService@3834d63f]" name="testDSch04" duration-ms="5491" started-at="2015-06-19T15:52:00Z" description="ID = &lt;DSch04&gt; Проверка правильности названия раздела Школы Танцев  +Скрин " finished-at="2015-06-19T15:52:05Z">
          <reporter-output>
          </reporter-output>
        </test-method> <!-- testDSch04 -->
        <test-method status="PASS" signature="takeScreenShotOnFailure(org.testng.ITestResult, java.lang.reflect.Method)[pri:0, instance:tests.uaua.TestUaUaCommonService@3834d63f]" name="takeScreenShotOnFailure" is-config="true" duration-ms="1531" started-at="2015-06-19T15:52:05Z" finished-at="2015-06-19T15:52:07Z">
          <params>
            <param index="0">
              <value>
                <![CDATA[[TestResult name=testDSch04 status=SUCCESS method=TestUaUaCommonService.testDSch04()[pri:0, instance:tests.uaua.TestUaUaCommonService@3834d63f] output={null}]]]>
              </value>
            </param>
            <param index="1">
              <value>
                <![CDATA[public void tests.uaua.TestUaUaCommonService.testDSch04()]]>
              </value>
            </param>
          </params>
          <reporter-output>
          </reporter-output>
        </test-method> <!-- takeScreenShotOnFailure -->
        <test-method status="PASS" signature="beforeMethod()[pri:0, instance:tests.uaua.TestUaUaCommonService@3834d63f]" name="beforeMethod" is-config="true" duration-ms="3521" started-at="2015-06-19T15:52:07Z" finished-at="2015-06-19T15:52:10Z">
          <reporter-output>
          </reporter-output>
        </test-method> <!-- beforeMethod -->
        <test-method status="PASS" signature="testDSch05()[pri:0, instance:tests.uaua.TestUaUaCommonService@3834d63f]" name="testDSch05" duration-ms="8968" started-at="2015-06-19T15:52:10Z" description="ID = &lt;DSch05&gt; Переход на сервис Школы Танцев через &#039;объекты&#039; с другой страницы" finished-at="2015-06-19T15:52:19Z">
          <reporter-output>
          </reporter-output>
        </test-method> <!-- testDSch05 -->
        <test-method status="PASS" signature="takeScreenShotOnFailure(org.testng.ITestResult, java.lang.reflect.Method)[pri:0, instance:tests.uaua.TestUaUaCommonService@3834d63f]" name="takeScreenShotOnFailure" is-config="true" duration-ms="1434" started-at="2015-06-19T15:52:19Z" finished-at="2015-06-19T15:52:21Z">
          <params>
            <param index="0">
              <value>
                <![CDATA[[TestResult name=testDSch05 status=SUCCESS method=TestUaUaCommonService.testDSch05()[pri:0, instance:tests.uaua.TestUaUaCommonService@3834d63f] output={null}]]]>
              </value>
            </param>
            <param index="1">
              <value>
                <![CDATA[public void tests.uaua.TestUaUaCommonService.testDSch05()]]>
              </value>
            </param>
          </params>
          <reporter-output>
          </reporter-output>
        </test-method> <!-- takeScreenShotOnFailure -->
        <test-method status="PASS" signature="beforeMethod()[pri:0, instance:tests.uaua.TestUaUaCommonService@3834d63f]" name="beforeMethod" is-config="true" duration-ms="4827" started-at="2015-06-19T15:52:21Z" finished-at="2015-06-19T15:52:26Z">
          <reporter-output>
          </reporter-output>
        </test-method> <!-- beforeMethod -->
        <test-method status="PASS" signature="testDSch06()[pri:0, instance:tests.uaua.TestUaUaCommonService@3834d63f]" name="testDSch06" duration-ms="4492" started-at="2015-06-19T15:52:26Z" description="ID = &lt;DSch06&gt; Наличие блоков поиск и таблица" finished-at="2015-06-19T15:52:30Z">
          <reporter-output>
          </reporter-output>
        </test-method> <!-- testDSch06 -->
        <test-method status="PASS" signature="takeScreenShotOnFailure(org.testng.ITestResult, java.lang.reflect.Method)[pri:0, instance:tests.uaua.TestUaUaCommonService@3834d63f]" name="takeScreenShotOnFailure" is-config="true" duration-ms="1523" started-at="2015-06-19T15:52:30Z" finished-at="2015-06-19T15:52:32Z">
          <params>
            <param index="0">
              <value>
                <![CDATA[[TestResult name=testDSch06 status=SUCCESS method=TestUaUaCommonService.testDSch06()[pri:0, instance:tests.uaua.TestUaUaCommonService@3834d63f] output={null}]]]>
              </value>
            </param>
            <param index="1">
              <value>
                <![CDATA[public void tests.uaua.TestUaUaCommonService.testDSch06()]]>
              </value>
            </param>
          </params>
          <reporter-output>
          </reporter-output>
        </test-method> <!-- takeScreenShotOnFailure -->
        <test-method status="PASS" signature="beforeMethod()[pri:0, instance:tests.uaua.TestUaUaCommonService@3834d63f]" name="beforeMethod" is-config="true" duration-ms="3197" started-at="2015-06-19T15:52:32Z" finished-at="2015-06-19T15:52:35Z">
          <reporter-output>
          </reporter-output>
        </test-method> <!-- beforeMethod -->
        <test-method status="PASS" signature="testDT01()[pri:0, instance:tests.uaua.TestUaUaCommonService@3834d63f]" name="testDT01" duration-ms="16439" started-at="2015-06-19T15:52:35Z" description="ID = &lt;DT01&gt; Переход через НАЖАТИЕ на &#039;Сервисы&#039; &gt; &#039;дома творчества" finished-at="2015-06-19T15:52:51Z">
          <reporter-output>
          </reporter-output>
        </test-method> <!-- testDT01 -->
        <test-method status="PASS" signature="takeScreenShotOnFailure(org.testng.ITestResult, java.lang.reflect.Method)[pri:0, instance:tests.uaua.TestUaUaCommonService@3834d63f]" name="takeScreenShotOnFailure" is-config="true" duration-ms="2285" started-at="2015-06-19T15:52:51Z" finished-at="2015-06-19T15:52:54Z">
          <params>
            <param index="0">
              <value>
                <![CDATA[[TestResult name=testDT01 status=SUCCESS method=TestUaUaCommonService.testDT01()[pri:0, instance:tests.uaua.TestUaUaCommonService@3834d63f] output={null}]]]>
              </value>
            </param>
            <param index="1">
              <value>
                <![CDATA[public void tests.uaua.TestUaUaCommonService.testDT01()]]>
              </value>
            </param>
          </params>
          <reporter-output>
          </reporter-output>
        </test-method> <!-- takeScreenShotOnFailure -->
        <test-method status="PASS" signature="beforeMethod()[pri:0, instance:tests.uaua.TestUaUaCommonService@3834d63f]" name="beforeMethod" is-config="true" duration-ms="3919" started-at="2015-06-19T15:52:54Z" finished-at="2015-06-19T15:52:57Z">
          <reporter-output>
          </reporter-output>
        </test-method> <!-- beforeMethod -->
        <test-method status="PASS" signature="testDT02()[pri:0, instance:tests.uaua.TestUaUaCommonService@3834d63f]" name="testDT02" duration-ms="9529" started-at="2015-06-19T15:52:57Z" description="ID = &lt;DS02&gt; Переход через футер на &#039;дома творчества" finished-at="2015-06-19T15:53:07Z">
          <reporter-output>
          </reporter-output>
        </test-method> <!-- testDT02 -->
        <test-method status="PASS" signature="takeScreenShotOnFailure(org.testng.ITestResult, java.lang.reflect.Method)[pri:0, instance:tests.uaua.TestUaUaCommonService@3834d63f]" name="takeScreenShotOnFailure" is-config="true" duration-ms="2180" started-at="2015-06-19T15:53:07Z" finished-at="2015-06-19T15:53:09Z">
          <params>
            <param index="0">
              <value>
                <![CDATA[[TestResult name=testDT02 status=SUCCESS method=TestUaUaCommonService.testDT02()[pri:0, instance:tests.uaua.TestUaUaCommonService@3834d63f] output={null}]]]>
              </value>
            </param>
            <param index="1">
              <value>
                <![CDATA[public void tests.uaua.TestUaUaCommonService.testDT02()]]>
              </value>
            </param>
          </params>
          <reporter-output>
          </reporter-output>
        </test-method> <!-- takeScreenShotOnFailure -->
        <test-method status="PASS" signature="beforeMethod()[pri:0, instance:tests.uaua.TestUaUaCommonService@3834d63f]" name="beforeMethod" is-config="true" duration-ms="3665" started-at="2015-06-19T15:53:09Z" finished-at="2015-06-19T15:53:13Z">
          <reporter-output>
          </reporter-output>
        </test-method> <!-- beforeMethod -->
        <test-method status="PASS" signature="testDT03()[pri:0, instance:tests.uaua.TestUaUaCommonService@3834d63f]" name="testDT03" duration-ms="10053" started-at="2015-06-19T15:53:13Z" description="ID = &lt;DS03&gt; Переход на сервис Д/т через хедер, НАВЕДЕНИЕМ на сервисы" finished-at="2015-06-19T15:53:23Z">
          <reporter-output>
          </reporter-output>
        </test-method> <!-- testDT03 -->
        <test-method status="PASS" signature="takeScreenShotOnFailure(org.testng.ITestResult, java.lang.reflect.Method)[pri:0, instance:tests.uaua.TestUaUaCommonService@3834d63f]" name="takeScreenShotOnFailure" is-config="true" duration-ms="1704" started-at="2015-06-19T15:53:23Z" finished-at="2015-06-19T15:53:25Z">
          <params>
            <param index="0">
              <value>
                <![CDATA[[TestResult name=testDT03 status=SUCCESS method=TestUaUaCommonService.testDT03()[pri:0, instance:tests.uaua.TestUaUaCommonService@3834d63f] output={null}]]]>
              </value>
            </param>
            <param index="1">
              <value>
                <![CDATA[public void tests.uaua.TestUaUaCommonService.testDT03()]]>
              </value>
            </param>
          </params>
          <reporter-output>
          </reporter-output>
        </test-method> <!-- takeScreenShotOnFailure -->
        <test-method status="PASS" signature="beforeMethod()[pri:0, instance:tests.uaua.TestUaUaCommonService@3834d63f]" name="beforeMethod" is-config="true" duration-ms="5114" started-at="2015-06-19T15:53:25Z" finished-at="2015-06-19T15:53:30Z">
          <reporter-output>
          </reporter-output>
        </test-method> <!-- beforeMethod -->
        <test-method status="PASS" signature="testDT04()[pri:0, instance:tests.uaua.TestUaUaCommonService@3834d63f]" name="testDT04" duration-ms="5709" started-at="2015-06-19T15:53:30Z" description="ID = &lt;DS04&gt; Проверка правильности названия раздела  +Скрин " finished-at="2015-06-19T15:53:35Z">
          <reporter-output>
          </reporter-output>
        </test-method> <!-- testDT04 -->
        <test-method status="PASS" signature="takeScreenShotOnFailure(org.testng.ITestResult, java.lang.reflect.Method)[pri:0, instance:tests.uaua.TestUaUaCommonService@3834d63f]" name="takeScreenShotOnFailure" is-config="true" duration-ms="1579" started-at="2015-06-19T15:53:35Z" finished-at="2015-06-19T15:53:37Z">
          <params>
            <param index="0">
              <value>
                <![CDATA[[TestResult name=testDT04 status=SUCCESS method=TestUaUaCommonService.testDT04()[pri:0, instance:tests.uaua.TestUaUaCommonService@3834d63f] output={null}]]]>
              </value>
            </param>
            <param index="1">
              <value>
                <![CDATA[public void tests.uaua.TestUaUaCommonService.testDT04()]]>
              </value>
            </param>
          </params>
          <reporter-output>
          </reporter-output>
        </test-method> <!-- takeScreenShotOnFailure -->
        <test-method status="PASS" signature="beforeMethod()[pri:0, instance:tests.uaua.TestUaUaCommonService@3834d63f]" name="beforeMethod" is-config="true" duration-ms="4520" started-at="2015-06-19T15:53:37Z" finished-at="2015-06-19T15:53:41Z">
          <reporter-output>
          </reporter-output>
        </test-method> <!-- beforeMethod -->
        <test-method status="PASS" signature="testDT05()[pri:0, instance:tests.uaua.TestUaUaCommonService@3834d63f]" name="testDT05" duration-ms="9981" started-at="2015-06-19T15:53:41Z" description="ID = &lt;DS05&gt; Переход на сервис дома творчества через &#039;объекты&#039; с другой страницы" finished-at="2015-06-19T15:53:51Z">
          <reporter-output>
          </reporter-output>
        </test-method> <!-- testDT05 -->
        <test-method status="PASS" signature="takeScreenShotOnFailure(org.testng.ITestResult, java.lang.reflect.Method)[pri:0, instance:tests.uaua.TestUaUaCommonService@3834d63f]" name="takeScreenShotOnFailure" is-config="true" duration-ms="1780" started-at="2015-06-19T15:53:51Z" finished-at="2015-06-19T15:53:53Z">
          <params>
            <param index="0">
              <value>
                <![CDATA[[TestResult name=testDT05 status=SUCCESS method=TestUaUaCommonService.testDT05()[pri:0, instance:tests.uaua.TestUaUaCommonService@3834d63f] output={null}]]]>
              </value>
            </param>
            <param index="1">
              <value>
                <![CDATA[public void tests.uaua.TestUaUaCommonService.testDT05()]]>
              </value>
            </param>
          </params>
          <reporter-output>
          </reporter-output>
        </test-method> <!-- takeScreenShotOnFailure -->
        <test-method status="PASS" signature="beforeMethod()[pri:0, instance:tests.uaua.TestUaUaCommonService@3834d63f]" name="beforeMethod" is-config="true" duration-ms="3545" started-at="2015-06-19T15:53:53Z" finished-at="2015-06-19T15:53:57Z">
          <reporter-output>
          </reporter-output>
        </test-method> <!-- beforeMethod -->
        <test-method status="PASS" signature="testDT06()[pri:0, instance:tests.uaua.TestUaUaCommonService@3834d63f]" name="testDT06" duration-ms="4532" started-at="2015-06-19T15:53:57Z" description="ID = &lt;DS06&gt; Наличие блоков поиск и таблица" finished-at="2015-06-19T15:54:01Z">
          <reporter-output>
          </reporter-output>
        </test-method> <!-- testDT06 -->
        <test-method status="PASS" signature="takeScreenShotOnFailure(org.testng.ITestResult, java.lang.reflect.Method)[pri:0, instance:tests.uaua.TestUaUaCommonService@3834d63f]" name="takeScreenShotOnFailure" is-config="true" duration-ms="2023" started-at="2015-06-19T15:54:01Z" finished-at="2015-06-19T15:54:03Z">
          <params>
            <param index="0">
              <value>
                <![CDATA[[TestResult name=testDT06 status=SUCCESS method=TestUaUaCommonService.testDT06()[pri:0, instance:tests.uaua.TestUaUaCommonService@3834d63f] output={null}]]]>
              </value>
            </param>
            <param index="1">
              <value>
                <![CDATA[public void tests.uaua.TestUaUaCommonService.testDT06()]]>
              </value>
            </param>
          </params>
          <reporter-output>
          </reporter-output>
        </test-method> <!-- takeScreenShotOnFailure -->
        <test-method status="PASS" signature="beforeMethod()[pri:0, instance:tests.uaua.TestUaUaCommonService@3834d63f]" name="beforeMethod" is-config="true" duration-ms="3658" started-at="2015-06-19T15:54:03Z" finished-at="2015-06-19T15:54:07Z">
          <reporter-output>
          </reporter-output>
        </test-method> <!-- beforeMethod -->
        <test-method status="PASS" signature="testKdB01()[pri:0, instance:tests.uaua.TestUaUaCommonService@3834d63f]" name="testKdB01" duration-ms="15388" started-at="2015-06-19T15:54:07Z" description="ID = &lt;KdB01&gt; Переход через НАЖАТИЕ на &#039;Сервисы&#039; &gt; &#039;Курсы для беременных" finished-at="2015-06-19T15:54:22Z">
          <reporter-output>
          </reporter-output>
        </test-method> <!-- testKdB01 -->
        <test-method status="PASS" signature="takeScreenShotOnFailure(org.testng.ITestResult, java.lang.reflect.Method)[pri:0, instance:tests.uaua.TestUaUaCommonService@3834d63f]" name="takeScreenShotOnFailure" is-config="true" duration-ms="1352" started-at="2015-06-19T15:54:22Z" finished-at="2015-06-19T15:54:24Z">
          <params>
            <param index="0">
              <value>
                <![CDATA[[TestResult name=testKdB01 status=SUCCESS method=TestUaUaCommonService.testKdB01()[pri:0, instance:tests.uaua.TestUaUaCommonService@3834d63f] output={null}]]]>
              </value>
            </param>
            <param index="1">
              <value>
                <![CDATA[public void tests.uaua.TestUaUaCommonService.testKdB01()]]>
              </value>
            </param>
          </params>
          <reporter-output>
          </reporter-output>
        </test-method> <!-- takeScreenShotOnFailure -->
        <test-method status="PASS" signature="beforeMethod()[pri:0, instance:tests.uaua.TestUaUaCommonService@3834d63f]" name="beforeMethod" is-config="true" duration-ms="3449" started-at="2015-06-19T15:54:24Z" finished-at="2015-06-19T15:54:27Z">
          <reporter-output>
          </reporter-output>
        </test-method> <!-- beforeMethod -->
        <test-method status="PASS" signature="testKdB02()[pri:0, instance:tests.uaua.TestUaUaCommonService@3834d63f]" name="testKdB02" duration-ms="8088" started-at="2015-06-19T15:54:27Z" description="ID = &lt;KdB02&gt; Переход через футер на &#039;Курсы для беременных" finished-at="2015-06-19T15:54:35Z">
          <reporter-output>
          </reporter-output>
        </test-method> <!-- testKdB02 -->
        <test-method status="PASS" signature="takeScreenShotOnFailure(org.testng.ITestResult, java.lang.reflect.Method)[pri:0, instance:tests.uaua.TestUaUaCommonService@3834d63f]" name="takeScreenShotOnFailure" is-config="true" duration-ms="1548" started-at="2015-06-19T15:54:35Z" finished-at="2015-06-19T15:54:37Z">
          <params>
            <param index="0">
              <value>
                <![CDATA[[TestResult name=testKdB02 status=SUCCESS method=TestUaUaCommonService.testKdB02()[pri:0, instance:tests.uaua.TestUaUaCommonService@3834d63f] output={null}]]]>
              </value>
            </param>
            <param index="1">
              <value>
                <![CDATA[public void tests.uaua.TestUaUaCommonService.testKdB02()]]>
              </value>
            </param>
          </params>
          <reporter-output>
          </reporter-output>
        </test-method> <!-- takeScreenShotOnFailure -->
        <test-method status="PASS" signature="beforeMethod()[pri:0, instance:tests.uaua.TestUaUaCommonService@3834d63f]" name="beforeMethod" is-config="true" duration-ms="10998" started-at="2015-06-19T15:54:37Z" finished-at="2015-06-19T15:54:48Z">
          <reporter-output>
          </reporter-output>
        </test-method> <!-- beforeMethod -->
        <test-method status="PASS" signature="testKdB03()[pri:0, instance:tests.uaua.TestUaUaCommonService@3834d63f]" name="testKdB03" duration-ms="15410" started-at="2015-06-19T15:54:48Z" description="ID = &lt;KdB03&gt; Переход на сервис Курсы для беременных через хедер, НАВЕДЕНИЕМ на сервисы" finished-at="2015-06-19T15:55:03Z">
          <reporter-output>
          </reporter-output>
        </test-method> <!-- testKdB03 -->
        <test-method status="PASS" signature="takeScreenShotOnFailure(org.testng.ITestResult, java.lang.reflect.Method)[pri:0, instance:tests.uaua.TestUaUaCommonService@3834d63f]" name="takeScreenShotOnFailure" is-config="true" duration-ms="1538" started-at="2015-06-19T15:55:03Z" finished-at="2015-06-19T15:55:05Z">
          <params>
            <param index="0">
              <value>
                <![CDATA[[TestResult name=testKdB03 status=SUCCESS method=TestUaUaCommonService.testKdB03()[pri:0, instance:tests.uaua.TestUaUaCommonService@3834d63f] output={null}]]]>
              </value>
            </param>
            <param index="1">
              <value>
                <![CDATA[public void tests.uaua.TestUaUaCommonService.testKdB03()]]>
              </value>
            </param>
          </params>
          <reporter-output>
          </reporter-output>
        </test-method> <!-- takeScreenShotOnFailure -->
        <test-method status="PASS" signature="beforeMethod()[pri:0, instance:tests.uaua.TestUaUaCommonService@3834d63f]" name="beforeMethod" is-config="true" duration-ms="3248" started-at="2015-06-19T15:55:05Z" finished-at="2015-06-19T15:55:08Z">
          <reporter-output>
          </reporter-output>
        </test-method> <!-- beforeMethod -->
        <test-method status="PASS" signature="testKdB04()[pri:0, instance:tests.uaua.TestUaUaCommonService@3834d63f]" name="testKdB04" duration-ms="6097" started-at="2015-06-19T15:55:08Z" description="ID = &lt;KdB04&gt; Проверка правильности названия раздела &#039;Курсы для беременных&#039;  +Скрин " finished-at="2015-06-19T15:55:14Z">
          <reporter-output>
          </reporter-output>
        </test-method> <!-- testKdB04 -->
        <test-method status="PASS" signature="takeScreenShotOnFailure(org.testng.ITestResult, java.lang.reflect.Method)[pri:0, instance:tests.uaua.TestUaUaCommonService@3834d63f]" name="takeScreenShotOnFailure" is-config="true" duration-ms="1532" started-at="2015-06-19T15:55:14Z" finished-at="2015-06-19T15:55:16Z">
          <params>
            <param index="0">
              <value>
                <![CDATA[[TestResult name=testKdB04 status=SUCCESS method=TestUaUaCommonService.testKdB04()[pri:0, instance:tests.uaua.TestUaUaCommonService@3834d63f] output={null}]]]>
              </value>
            </param>
            <param index="1">
              <value>
                <![CDATA[public void tests.uaua.TestUaUaCommonService.testKdB04()]]>
              </value>
            </param>
          </params>
          <reporter-output>
          </reporter-output>
        </test-method> <!-- takeScreenShotOnFailure -->
        <test-method status="PASS" signature="beforeMethod()[pri:0, instance:tests.uaua.TestUaUaCommonService@3834d63f]" name="beforeMethod" is-config="true" duration-ms="3925" started-at="2015-06-19T15:55:16Z" finished-at="2015-06-19T15:55:20Z">
          <reporter-output>
          </reporter-output>
        </test-method> <!-- beforeMethod -->
        <test-method status="PASS" signature="testKdB05()[pri:0, instance:tests.uaua.TestUaUaCommonService@3834d63f]" name="testKdB05" duration-ms="11993" started-at="2015-06-19T15:55:20Z" description="ID = &lt;KdB05&gt; Переход на сервис Курсы для беременных через &#039;объекты&#039; с другой страницы" finished-at="2015-06-19T15:55:32Z">
          <reporter-output>
          </reporter-output>
        </test-method> <!-- testKdB05 -->
        <test-method status="PASS" signature="takeScreenShotOnFailure(org.testng.ITestResult, java.lang.reflect.Method)[pri:0, instance:tests.uaua.TestUaUaCommonService@3834d63f]" name="takeScreenShotOnFailure" is-config="true" duration-ms="2196" started-at="2015-06-19T15:55:32Z" finished-at="2015-06-19T15:55:34Z">
          <params>
            <param index="0">
              <value>
                <![CDATA[[TestResult name=testKdB05 status=SUCCESS method=TestUaUaCommonService.testKdB05()[pri:0, instance:tests.uaua.TestUaUaCommonService@3834d63f] output={null}]]]>
              </value>
            </param>
            <param index="1">
              <value>
                <![CDATA[public void tests.uaua.TestUaUaCommonService.testKdB05()]]>
              </value>
            </param>
          </params>
          <reporter-output>
          </reporter-output>
        </test-method> <!-- takeScreenShotOnFailure -->
        <test-method status="PASS" signature="beforeMethod()[pri:0, instance:tests.uaua.TestUaUaCommonService@3834d63f]" name="beforeMethod" is-config="true" duration-ms="3650" started-at="2015-06-19T15:55:34Z" finished-at="2015-06-19T15:55:37Z">
          <reporter-output>
          </reporter-output>
        </test-method> <!-- beforeMethod -->
        <test-method status="PASS" signature="testKdB06()[pri:0, instance:tests.uaua.TestUaUaCommonService@3834d63f]" name="testKdB06" duration-ms="3644" started-at="2015-06-19T15:55:37Z" description="ID = &lt;KdB06&gt; Наличие блоков поиск и таблица" finished-at="2015-06-19T15:55:41Z">
          <reporter-output>
          </reporter-output>
        </test-method> <!-- testKdB06 -->
        <test-method status="PASS" signature="takeScreenShotOnFailure(org.testng.ITestResult, java.lang.reflect.Method)[pri:0, instance:tests.uaua.TestUaUaCommonService@3834d63f]" name="takeScreenShotOnFailure" is-config="true" duration-ms="1653" started-at="2015-06-19T15:55:41Z" finished-at="2015-06-19T15:55:43Z">
          <params>
            <param index="0">
              <value>
                <![CDATA[[TestResult name=testKdB06 status=SUCCESS method=TestUaUaCommonService.testKdB06()[pri:0, instance:tests.uaua.TestUaUaCommonService@3834d63f] output={null}]]]>
              </value>
            </param>
            <param index="1">
              <value>
                <![CDATA[public void tests.uaua.TestUaUaCommonService.testKdB06()]]>
              </value>
            </param>
          </params>
          <reporter-output>
          </reporter-output>
        </test-method> <!-- takeScreenShotOnFailure -->
        <test-method status="PASS" signature="beforeMethod()[pri:0, instance:tests.uaua.TestUaUaCommonService@3834d63f]" name="beforeMethod" is-config="true" duration-ms="4287" started-at="2015-06-19T15:55:43Z" finished-at="2015-06-19T15:55:47Z">
          <reporter-output>
          </reporter-output>
        </test-method> <!-- beforeMethod -->
        <test-method status="PASS" signature="testMS01()[pri:0, instance:tests.uaua.TestUaUaCommonService@3834d63f]" name="testMS01" duration-ms="34847" started-at="2015-06-19T15:55:47Z" description="ID = &lt;MS01&gt; Переход через НАЖАТИЕ на &#039;Сервисы&#039; &gt; &#039;Музыкальные школы" finished-at="2015-06-19T15:56:22Z">
          <reporter-output>
          </reporter-output>
        </test-method> <!-- testMS01 -->
        <test-method status="PASS" signature="takeScreenShotOnFailure(org.testng.ITestResult, java.lang.reflect.Method)[pri:0, instance:tests.uaua.TestUaUaCommonService@3834d63f]" name="takeScreenShotOnFailure" is-config="true" duration-ms="2129" started-at="2015-06-19T15:56:22Z" finished-at="2015-06-19T15:56:24Z">
          <params>
            <param index="0">
              <value>
                <![CDATA[[TestResult name=testMS01 status=SUCCESS method=TestUaUaCommonService.testMS01()[pri:0, instance:tests.uaua.TestUaUaCommonService@3834d63f] output={null}]]]>
              </value>
            </param>
            <param index="1">
              <value>
                <![CDATA[public void tests.uaua.TestUaUaCommonService.testMS01()]]>
              </value>
            </param>
          </params>
          <reporter-output>
          </reporter-output>
        </test-method> <!-- takeScreenShotOnFailure -->
        <test-method status="PASS" signature="beforeMethod()[pri:0, instance:tests.uaua.TestUaUaCommonService@3834d63f]" name="beforeMethod" is-config="true" duration-ms="4831" started-at="2015-06-19T15:56:24Z" finished-at="2015-06-19T15:56:29Z">
          <reporter-output>
          </reporter-output>
        </test-method> <!-- beforeMethod -->
        <test-method status="PASS" signature="testMS02()[pri:0, instance:tests.uaua.TestUaUaCommonService@3834d63f]" name="testMS02" duration-ms="15034" started-at="2015-06-19T15:56:29Z" description="ID = &lt;MS02&gt; Переход через футер на &#039;Музыкальные школы" finished-at="2015-06-19T15:56:44Z">
          <reporter-output>
          </reporter-output>
        </test-method> <!-- testMS02 -->
        <test-method status="PASS" signature="takeScreenShotOnFailure(org.testng.ITestResult, java.lang.reflect.Method)[pri:0, instance:tests.uaua.TestUaUaCommonService@3834d63f]" name="takeScreenShotOnFailure" is-config="true" duration-ms="1510" started-at="2015-06-19T15:56:44Z" finished-at="2015-06-19T15:56:45Z">
          <params>
            <param index="0">
              <value>
                <![CDATA[[TestResult name=testMS02 status=SUCCESS method=TestUaUaCommonService.testMS02()[pri:0, instance:tests.uaua.TestUaUaCommonService@3834d63f] output={null}]]]>
              </value>
            </param>
            <param index="1">
              <value>
                <![CDATA[public void tests.uaua.TestUaUaCommonService.testMS02()]]>
              </value>
            </param>
          </params>
          <reporter-output>
          </reporter-output>
        </test-method> <!-- takeScreenShotOnFailure -->
        <test-method status="PASS" signature="beforeMethod()[pri:0, instance:tests.uaua.TestUaUaCommonService@3834d63f]" name="beforeMethod" is-config="true" duration-ms="3437" started-at="2015-06-19T15:56:45Z" finished-at="2015-06-19T15:56:49Z">
          <reporter-output>
          </reporter-output>
        </test-method> <!-- beforeMethod -->
        <test-method status="PASS" signature="testMS03()[pri:0, instance:tests.uaua.TestUaUaCommonService@3834d63f]" name="testMS03" duration-ms="12685" started-at="2015-06-19T15:56:49Z" description="ID = &lt;MS03&gt; Переход на сервис Музыкальные школы через хедер, НАВЕДЕНИЕМ на сервисы" finished-at="2015-06-19T15:57:01Z">
          <reporter-output>
          </reporter-output>
        </test-method> <!-- testMS03 -->
        <test-method status="PASS" signature="takeScreenShotOnFailure(org.testng.ITestResult, java.lang.reflect.Method)[pri:0, instance:tests.uaua.TestUaUaCommonService@3834d63f]" name="takeScreenShotOnFailure" is-config="true" duration-ms="1370" started-at="2015-06-19T15:57:01Z" finished-at="2015-06-19T15:57:03Z">
          <params>
            <param index="0">
              <value>
                <![CDATA[[TestResult name=testMS03 status=SUCCESS method=TestUaUaCommonService.testMS03()[pri:0, instance:tests.uaua.TestUaUaCommonService@3834d63f] output={null}]]]>
              </value>
            </param>
            <param index="1">
              <value>
                <![CDATA[public void tests.uaua.TestUaUaCommonService.testMS03()]]>
              </value>
            </param>
          </params>
          <reporter-output>
          </reporter-output>
        </test-method> <!-- takeScreenShotOnFailure -->
        <test-method status="PASS" signature="beforeMethod()[pri:0, instance:tests.uaua.TestUaUaCommonService@3834d63f]" name="beforeMethod" is-config="true" duration-ms="3392" started-at="2015-06-19T15:57:03Z" finished-at="2015-06-19T15:57:06Z">
          <reporter-output>
          </reporter-output>
        </test-method> <!-- beforeMethod -->
        <test-method status="PASS" signature="testMS04()[pri:0, instance:tests.uaua.TestUaUaCommonService@3834d63f]" name="testMS04" duration-ms="5225" started-at="2015-06-19T15:57:06Z" description="ID = &lt;MS04&gt; Проверка правильности названия раздела  +Скрин " finished-at="2015-06-19T15:57:11Z">
          <reporter-output>
          </reporter-output>
        </test-method> <!-- testMS04 -->
        <test-method status="PASS" signature="takeScreenShotOnFailure(org.testng.ITestResult, java.lang.reflect.Method)[pri:0, instance:tests.uaua.TestUaUaCommonService@3834d63f]" name="takeScreenShotOnFailure" is-config="true" duration-ms="2474" started-at="2015-06-19T15:57:11Z" finished-at="2015-06-19T15:57:14Z">
          <params>
            <param index="0">
              <value>
                <![CDATA[[TestResult name=testMS04 status=SUCCESS method=TestUaUaCommonService.testMS04()[pri:0, instance:tests.uaua.TestUaUaCommonService@3834d63f] output={null}]]]>
              </value>
            </param>
            <param index="1">
              <value>
                <![CDATA[public void tests.uaua.TestUaUaCommonService.testMS04()]]>
              </value>
            </param>
          </params>
          <reporter-output>
          </reporter-output>
        </test-method> <!-- takeScreenShotOnFailure -->
        <test-method status="PASS" signature="beforeMethod()[pri:0, instance:tests.uaua.TestUaUaCommonService@3834d63f]" name="beforeMethod" is-config="true" duration-ms="3756" started-at="2015-06-19T15:57:14Z" finished-at="2015-06-19T15:57:18Z">
          <reporter-output>
          </reporter-output>
        </test-method> <!-- beforeMethod -->
        <test-method status="PASS" signature="testMS05()[pri:0, instance:tests.uaua.TestUaUaCommonService@3834d63f]" name="testMS05" duration-ms="10881" started-at="2015-06-19T15:57:18Z" description="ID = &lt;MS05&gt; Переход на сервис Музыкальные школы через &#039;объекты&#039; с другой страницы" finished-at="2015-06-19T15:57:29Z">
          <reporter-output>
          </reporter-output>
        </test-method> <!-- testMS05 -->
        <test-method status="PASS" signature="takeScreenShotOnFailure(org.testng.ITestResult, java.lang.reflect.Method)[pri:0, instance:tests.uaua.TestUaUaCommonService@3834d63f]" name="takeScreenShotOnFailure" is-config="true" duration-ms="1427" started-at="2015-06-19T15:57:29Z" finished-at="2015-06-19T15:57:30Z">
          <params>
            <param index="0">
              <value>
                <![CDATA[[TestResult name=testMS05 status=SUCCESS method=TestUaUaCommonService.testMS05()[pri:0, instance:tests.uaua.TestUaUaCommonService@3834d63f] output={null}]]]>
              </value>
            </param>
            <param index="1">
              <value>
                <![CDATA[public void tests.uaua.TestUaUaCommonService.testMS05()]]>
              </value>
            </param>
          </params>
          <reporter-output>
          </reporter-output>
        </test-method> <!-- takeScreenShotOnFailure -->
        <test-method status="PASS" signature="beforeMethod()[pri:0, instance:tests.uaua.TestUaUaCommonService@3834d63f]" name="beforeMethod" is-config="true" duration-ms="10039" started-at="2015-06-19T15:57:30Z" finished-at="2015-06-19T15:57:40Z">
          <reporter-output>
          </reporter-output>
        </test-method> <!-- beforeMethod -->
        <test-method status="PASS" signature="testMS06()[pri:0, instance:tests.uaua.TestUaUaCommonService@3834d63f]" name="testMS06" duration-ms="4808" started-at="2015-06-19T15:57:40Z" description="ID = &lt;MS06&gt; Наличие блоков поиск и таблица" finished-at="2015-06-19T15:57:45Z">
          <reporter-output>
          </reporter-output>
        </test-method> <!-- testMS06 -->
        <test-method status="PASS" signature="takeScreenShotOnFailure(org.testng.ITestResult, java.lang.reflect.Method)[pri:0, instance:tests.uaua.TestUaUaCommonService@3834d63f]" name="takeScreenShotOnFailure" is-config="true" duration-ms="1617" started-at="2015-06-19T15:57:45Z" finished-at="2015-06-19T15:57:46Z">
          <params>
            <param index="0">
              <value>
                <![CDATA[[TestResult name=testMS06 status=SUCCESS method=TestUaUaCommonService.testMS06()[pri:0, instance:tests.uaua.TestUaUaCommonService@3834d63f] output={null}]]]>
              </value>
            </param>
            <param index="1">
              <value>
                <![CDATA[public void tests.uaua.TestUaUaCommonService.testMS06()]]>
              </value>
            </param>
          </params>
          <reporter-output>
          </reporter-output>
        </test-method> <!-- takeScreenShotOnFailure -->
        <test-method status="PASS" signature="beforeMethod()[pri:0, instance:tests.uaua.TestUaUaCommonService@3834d63f]" name="beforeMethod" is-config="true" duration-ms="5195" started-at="2015-06-19T15:57:46Z" finished-at="2015-06-19T15:57:52Z">
          <reporter-output>
          </reporter-output>
        </test-method> <!-- beforeMethod -->
        <test-method status="PASS" signature="testOZ01()[pri:0, instance:tests.uaua.TestUaUaCommonService@3834d63f]" name="testOZ01" duration-ms="21541" started-at="2015-06-19T15:57:52Z" description="ID = &lt;OZ01&gt; Переход через НАЖАТИЕ на &#039;Сервисы&#039; &gt; &#039;Отдых и здоровье" finished-at="2015-06-19T15:58:13Z">
          <reporter-output>
          </reporter-output>
        </test-method> <!-- testOZ01 -->
        <test-method status="PASS" signature="takeScreenShotOnFailure(org.testng.ITestResult, java.lang.reflect.Method)[pri:0, instance:tests.uaua.TestUaUaCommonService@3834d63f]" name="takeScreenShotOnFailure" is-config="true" duration-ms="2050" started-at="2015-06-19T15:58:13Z" finished-at="2015-06-19T15:58:15Z">
          <params>
            <param index="0">
              <value>
                <![CDATA[[TestResult name=testOZ01 status=SUCCESS method=TestUaUaCommonService.testOZ01()[pri:0, instance:tests.uaua.TestUaUaCommonService@3834d63f] output={null}]]]>
              </value>
            </param>
            <param index="1">
              <value>
                <![CDATA[public void tests.uaua.TestUaUaCommonService.testOZ01()]]>
              </value>
            </param>
          </params>
          <reporter-output>
          </reporter-output>
        </test-method> <!-- takeScreenShotOnFailure -->
        <test-method status="PASS" signature="beforeMethod()[pri:0, instance:tests.uaua.TestUaUaCommonService@3834d63f]" name="beforeMethod" is-config="true" duration-ms="3852" started-at="2015-06-19T15:58:15Z" finished-at="2015-06-19T15:58:19Z">
          <reporter-output>
          </reporter-output>
        </test-method> <!-- beforeMethod -->
        <test-method status="PASS" signature="testOZ02()[pri:0, instance:tests.uaua.TestUaUaCommonService@3834d63f]" name="testOZ02" duration-ms="12852" started-at="2015-06-19T15:58:19Z" description="ID = &lt;OZ02&gt; Переход через футер на &#039;Отдых и здоровье" finished-at="2015-06-19T15:58:32Z">
          <reporter-output>
          </reporter-output>
        </test-method> <!-- testOZ02 -->
        <test-method status="PASS" signature="takeScreenShotOnFailure(org.testng.ITestResult, java.lang.reflect.Method)[pri:0, instance:tests.uaua.TestUaUaCommonService@3834d63f]" name="takeScreenShotOnFailure" is-config="true" duration-ms="2152" started-at="2015-06-19T15:58:32Z" finished-at="2015-06-19T15:58:34Z">
          <params>
            <param index="0">
              <value>
                <![CDATA[[TestResult name=testOZ02 status=SUCCESS method=TestUaUaCommonService.testOZ02()[pri:0, instance:tests.uaua.TestUaUaCommonService@3834d63f] output={null}]]]>
              </value>
            </param>
            <param index="1">
              <value>
                <![CDATA[public void tests.uaua.TestUaUaCommonService.testOZ02()]]>
              </value>
            </param>
          </params>
          <reporter-output>
          </reporter-output>
        </test-method> <!-- takeScreenShotOnFailure -->
        <test-method status="PASS" signature="beforeMethod()[pri:0, instance:tests.uaua.TestUaUaCommonService@3834d63f]" name="beforeMethod" is-config="true" duration-ms="10321" started-at="2015-06-19T15:58:34Z" finished-at="2015-06-19T15:58:44Z">
          <reporter-output>
          </reporter-output>
        </test-method> <!-- beforeMethod -->
        <test-method status="PASS" signature="testOZ03()[pri:0, instance:tests.uaua.TestUaUaCommonService@3834d63f]" name="testOZ03" duration-ms="18715" started-at="2015-06-19T15:58:44Z" description="ID = &lt;OZ03&gt; Переход на сервис Отдых и здоровье через хедер, НАВЕДЕНИЕМ на сервисы" finished-at="2015-06-19T15:59:03Z">
          <reporter-output>
          </reporter-output>
        </test-method> <!-- testOZ03 -->
        <test-method status="PASS" signature="takeScreenShotOnFailure(org.testng.ITestResult, java.lang.reflect.Method)[pri:0, instance:tests.uaua.TestUaUaCommonService@3834d63f]" name="takeScreenShotOnFailure" is-config="true" duration-ms="1789" started-at="2015-06-19T15:59:03Z" finished-at="2015-06-19T15:59:05Z">
          <params>
            <param index="0">
              <value>
                <![CDATA[[TestResult name=testOZ03 status=SUCCESS method=TestUaUaCommonService.testOZ03()[pri:0, instance:tests.uaua.TestUaUaCommonService@3834d63f] output={null}]]]>
              </value>
            </param>
            <param index="1">
              <value>
                <![CDATA[public void tests.uaua.TestUaUaCommonService.testOZ03()]]>
              </value>
            </param>
          </params>
          <reporter-output>
          </reporter-output>
        </test-method> <!-- takeScreenShotOnFailure -->
        <test-method status="PASS" signature="beforeMethod()[pri:0, instance:tests.uaua.TestUaUaCommonService@3834d63f]" name="beforeMethod" is-config="true" duration-ms="4340" started-at="2015-06-19T15:59:05Z" finished-at="2015-06-19T15:59:09Z">
          <reporter-output>
          </reporter-output>
        </test-method> <!-- beforeMethod -->
        <test-method status="PASS" signature="testOZ04()[pri:0, instance:tests.uaua.TestUaUaCommonService@3834d63f]" name="testOZ04" duration-ms="5958" started-at="2015-06-19T15:59:09Z" description="ID = &lt;OZ04&gt; Проверка правильности названия раздела  +Скрин " finished-at="2015-06-19T15:59:15Z">
          <reporter-output>
          </reporter-output>
        </test-method> <!-- testOZ04 -->
        <test-method status="PASS" signature="takeScreenShotOnFailure(org.testng.ITestResult, java.lang.reflect.Method)[pri:0, instance:tests.uaua.TestUaUaCommonService@3834d63f]" name="takeScreenShotOnFailure" is-config="true" duration-ms="2107" started-at="2015-06-19T15:59:15Z" finished-at="2015-06-19T15:59:17Z">
          <params>
            <param index="0">
              <value>
                <![CDATA[[TestResult name=testOZ04 status=SUCCESS method=TestUaUaCommonService.testOZ04()[pri:0, instance:tests.uaua.TestUaUaCommonService@3834d63f] output={null}]]]>
              </value>
            </param>
            <param index="1">
              <value>
                <![CDATA[public void tests.uaua.TestUaUaCommonService.testOZ04()]]>
              </value>
            </param>
          </params>
          <reporter-output>
          </reporter-output>
        </test-method> <!-- takeScreenShotOnFailure -->
        <test-method status="PASS" signature="beforeMethod()[pri:0, instance:tests.uaua.TestUaUaCommonService@3834d63f]" name="beforeMethod" is-config="true" duration-ms="3719" started-at="2015-06-19T15:59:17Z" finished-at="2015-06-19T15:59:21Z">
          <reporter-output>
          </reporter-output>
        </test-method> <!-- beforeMethod -->
        <test-method status="PASS" signature="testOZ05()[pri:0, instance:tests.uaua.TestUaUaCommonService@3834d63f]" name="testOZ05" duration-ms="11234" started-at="2015-06-19T15:59:21Z" description="ID = &lt;OZ05&gt; Переход на сервис Отдых и здоровье через &#039;объекты&#039; с другой страницы" finished-at="2015-06-19T15:59:32Z">
          <reporter-output>
          </reporter-output>
        </test-method> <!-- testOZ05 -->
        <test-method status="PASS" signature="takeScreenShotOnFailure(org.testng.ITestResult, java.lang.reflect.Method)[pri:0, instance:tests.uaua.TestUaUaCommonService@3834d63f]" name="takeScreenShotOnFailure" is-config="true" duration-ms="1494" started-at="2015-06-19T15:59:32Z" finished-at="2015-06-19T15:59:34Z">
          <params>
            <param index="0">
              <value>
                <![CDATA[[TestResult name=testOZ05 status=SUCCESS method=TestUaUaCommonService.testOZ05()[pri:0, instance:tests.uaua.TestUaUaCommonService@3834d63f] output={null}]]]>
              </value>
            </param>
            <param index="1">
              <value>
                <![CDATA[public void tests.uaua.TestUaUaCommonService.testOZ05()]]>
              </value>
            </param>
          </params>
          <reporter-output>
          </reporter-output>
        </test-method> <!-- takeScreenShotOnFailure -->
        <test-method status="PASS" signature="beforeMethod()[pri:0, instance:tests.uaua.TestUaUaCommonService@3834d63f]" name="beforeMethod" is-config="true" duration-ms="3141" started-at="2015-06-19T15:59:34Z" finished-at="2015-06-19T15:59:37Z">
          <reporter-output>
          </reporter-output>
        </test-method> <!-- beforeMethod -->
        <test-method status="PASS" signature="testOZ06()[pri:0, instance:tests.uaua.TestUaUaCommonService@3834d63f]" name="testOZ06" duration-ms="3632" started-at="2015-06-19T15:59:37Z" description="ID = &lt;OZ06&gt; Наличие блоков поиск и таблица" finished-at="2015-06-19T15:59:41Z">
          <reporter-output>
          </reporter-output>
        </test-method> <!-- testOZ06 -->
        <test-method status="PASS" signature="takeScreenShotOnFailure(org.testng.ITestResult, java.lang.reflect.Method)[pri:0, instance:tests.uaua.TestUaUaCommonService@3834d63f]" name="takeScreenShotOnFailure" is-config="true" duration-ms="2337" started-at="2015-06-19T15:59:41Z" finished-at="2015-06-19T15:59:43Z">
          <params>
            <param index="0">
              <value>
                <![CDATA[[TestResult name=testOZ06 status=SUCCESS method=TestUaUaCommonService.testOZ06()[pri:0, instance:tests.uaua.TestUaUaCommonService@3834d63f] output={null}]]]>
              </value>
            </param>
            <param index="1">
              <value>
                <![CDATA[public void tests.uaua.TestUaUaCommonService.testOZ06()]]>
              </value>
            </param>
          </params>
          <reporter-output>
          </reporter-output>
        </test-method> <!-- takeScreenShotOnFailure -->
        <test-method status="PASS" signature="beforeMethod()[pri:0, instance:tests.uaua.TestUaUaCommonService@3834d63f]" name="beforeMethod" is-config="true" duration-ms="3111" started-at="2015-06-19T15:59:43Z" finished-at="2015-06-19T15:59:46Z">
          <reporter-output>
          </reporter-output>
        </test-method> <!-- beforeMethod -->
        <test-method status="PASS" signature="testRSD01()[pri:0, instance:tests.uaua.TestUaUaCommonService@3834d63f]" name="testRSD01" duration-ms="6621" started-at="2015-06-19T15:59:46Z" description="ID = &lt;RSD01&gt; &#039;Детские поликлинки&#039; Проверка списка &#039;область&#039;  на отсутствие мультиселекта и кол-во элементов" finished-at="2015-06-19T15:59:53Z">
          <reporter-output>
          </reporter-output>
        </test-method> <!-- testRSD01 -->
        <test-method status="PASS" signature="takeScreenShotOnFailure(org.testng.ITestResult, java.lang.reflect.Method)[pri:0, instance:tests.uaua.TestUaUaCommonService@3834d63f]" name="takeScreenShotOnFailure" is-config="true" duration-ms="1680" started-at="2015-06-19T15:59:53Z" finished-at="2015-06-19T15:59:54Z">
          <params>
            <param index="0">
              <value>
                <![CDATA[[TestResult name=testRSD01 status=SUCCESS method=TestUaUaCommonService.testRSD01()[pri:0, instance:tests.uaua.TestUaUaCommonService@3834d63f] output={null}]]]>
              </value>
            </param>
            <param index="1">
              <value>
                <![CDATA[public void tests.uaua.TestUaUaCommonService.testRSD01()]]>
              </value>
            </param>
          </params>
          <reporter-output>
          </reporter-output>
        </test-method> <!-- takeScreenShotOnFailure -->
        <test-method status="PASS" signature="beforeMethod()[pri:0, instance:tests.uaua.TestUaUaCommonService@3834d63f]" name="beforeMethod" is-config="true" duration-ms="6592" started-at="2015-06-19T15:59:54Z" finished-at="2015-06-19T16:00:01Z">
          <reporter-output>
          </reporter-output>
        </test-method> <!-- beforeMethod -->
        <test-method status="FAIL" signature="testRSD02()[pri:0, instance:tests.uaua.TestUaUaCommonService@3834d63f]" name="testRSD02" duration-ms="34561" started-at="2015-06-19T16:00:01Z" description="ID = &lt;RSD02&gt; &#039;Детские поликлинки&#039; Проверка списка &#039;город&#039;  на отсутствие мультиселекта и кол-во элементов" finished-at="2015-06-19T16:00:35Z">
          <exception class="java.lang.AssertionError">
            <message>
              <![CDATA[null]]>
            </message>
            <full-stacktrace>
              <![CDATA[java.lang.AssertionError: null
	at org.testng.Assert.fail(Assert.java:94)
	at org.testng.Assert.fail(Assert.java:101)
	at tests.uaua.TestUaUaCommonService.testRSD02(TestUaUaCommonService.java:137)
	at sun.reflect.NativeMethodAccessorImpl.invoke0(Native Method)
	at sun.reflect.NativeMethodAccessorImpl.invoke(Unknown Source)
	at sun.reflect.DelegatingMethodAccessorImpl.invoke(Unknown Source)
	at java.lang.reflect.Method.invoke(Unknown Source)
	at org.testng.internal.MethodInvocationHelper.invokeMethod(MethodInvocationHelper.java:84)
	at org.testng.internal.Invoker.invokeMethod(Invoker.java:714)
	at org.testng.internal.Invoker.invokeTestMethod(Invoker.java:901)
	at org.testng.internal.Invoker.invokeTestMethods(Invoker.java:1231)
	at org.testng.internal.TestMethodWorker.invokeTestMethods(TestMethodWorker.java:127)
	at org.testng.internal.TestMethodWorker.run(TestMethodWorker.java:111)
	at org.testng.TestRunner.privateRun(TestRunner.java:767)
	at org.testng.TestRunner.run(TestRunner.java:617)
	at org.testng.SuiteRunner.runTest(SuiteRunner.java:334)
	at org.testng.SuiteRunner.runSequentially(SuiteRunner.java:329)
	at org.testng.SuiteRunner.privateRun(SuiteRunner.java:291)
	at org.testng.SuiteRunner.run(SuiteRunner.java:240)
	at org.testng.SuiteRunnerWorker.runSuite(SuiteRunnerWorker.java:52)
	at org.testng.SuiteRunnerWorker.run(SuiteRunnerWorker.java:86)
	at org.testng.TestNG.runSuitesSequentially(TestNG.java:1224)
	at org.testng.TestNG.runSuitesSequentially(TestNG.java:1220)
	at org.testng.TestNG.runSuitesLocally(TestNG.java:1149)
	at org.testng.TestNG.run(TestNG.java:1057)
	at org.testng.remote.RemoteTestNG.run(RemoteTestNG.java:111)
	at org.testng.remote.RemoteTestNG.initAndRun(RemoteTestNG.java:204)
	at org.testng.remote.RemoteTestNG.main(RemoteTestNG.java:175)
]]>
            </full-stacktrace>
          </exception> <!-- java.lang.AssertionError -->
          <reporter-output>
          </reporter-output>
        </test-method> <!-- testRSD02 -->
        <test-method status="PASS" signature="takeScreenShotOnFailure(org.testng.ITestResult, java.lang.reflect.Method)[pri:0, instance:tests.uaua.TestUaUaCommonService@3834d63f]" name="takeScreenShotOnFailure" is-config="true" duration-ms="2099" started-at="2015-06-19T16:00:35Z" finished-at="2015-06-19T16:00:38Z">
          <params>
            <param index="0">
              <value>
                <![CDATA[[TestResult name=testRSD02 status=FAILURE method=TestUaUaCommonService.testRSD02()[pri:0, instance:tests.uaua.TestUaUaCommonService@3834d63f] output={null}]]]>
              </value>
            </param>
            <param index="1">
              <value>
                <![CDATA[public void tests.uaua.TestUaUaCommonService.testRSD02()]]>
              </value>
            </param>
          </params>
          <reporter-output>
          </reporter-output>
        </test-method> <!-- takeScreenShotOnFailure -->
        <test-method status="PASS" signature="beforeMethod()[pri:0, instance:tests.uaua.TestUaUaCommonService@3834d63f]" name="beforeMethod" is-config="true" duration-ms="2386" started-at="2015-06-19T16:00:38Z" finished-at="2015-06-19T16:00:40Z">
          <reporter-output>
          </reporter-output>
        </test-method> <!-- beforeMethod -->
        <test-method status="PASS" signature="testRSD03()[pri:0, instance:tests.uaua.TestUaUaCommonService@3834d63f]" name="testRSD03" duration-ms="10218" started-at="2015-06-19T16:00:40Z" description="ID = &lt;RSD03&gt; &#039;Детские поликлинки&#039; Выбор из выпадающих  списков Область и Город &gt; Найти" finished-at="2015-06-19T16:00:50Z">
          <reporter-output>
          </reporter-output>
        </test-method> <!-- testRSD03 -->
        <test-method status="PASS" signature="takeScreenShotOnFailure(org.testng.ITestResult, java.lang.reflect.Method)[pri:0, instance:tests.uaua.TestUaUaCommonService@3834d63f]" name="takeScreenShotOnFailure" is-config="true" duration-ms="1383" started-at="2015-06-19T16:00:50Z" finished-at="2015-06-19T16:00:52Z">
          <params>
            <param index="0">
              <value>
                <![CDATA[[TestResult name=testRSD03 status=SUCCESS method=TestUaUaCommonService.testRSD03()[pri:0, instance:tests.uaua.TestUaUaCommonService@3834d63f] output={null}]]]>
              </value>
            </param>
            <param index="1">
              <value>
                <![CDATA[public void tests.uaua.TestUaUaCommonService.testRSD03()]]>
              </value>
            </param>
          </params>
          <reporter-output>
          </reporter-output>
        </test-method> <!-- takeScreenShotOnFailure -->
        <test-method status="PASS" signature="beforeMethod()[pri:0, instance:tests.uaua.TestUaUaCommonService@3834d63f]" name="beforeMethod" is-config="true" duration-ms="3092" started-at="2015-06-19T16:00:52Z" finished-at="2015-06-19T16:00:55Z">
          <reporter-output>
          </reporter-output>
        </test-method> <!-- beforeMethod -->
[...]
          <exception class="java.lang.AssertionError">
            <message>
              <![CDATA[null]]>
            </message>
            <full-stacktrace>
              <![CDATA[java.lang.AssertionError: null
	at org.testng.Assert.fail(Assert.java:94)
	at org.testng.Assert.fail(Assert.java:101)
	at tests.uaua.TestForum.testForN01(TestForum.java:228)
	at sun.reflect.NativeMethodAccessorImpl.invoke0(Native Method)
	at sun.reflect.NativeMethodAccessorImpl.invoke(Unknown Source)
	at sun.reflect.DelegatingMethodAccessorImpl.invoke(Unknown Source)
	at java.lang.reflect.Method.invoke(Unknown Source)
	at org.testng.internal.MethodInvocationHelper.invokeMethod(MethodInvocationHelper.java:84)
	at org.testng.internal.Invoker.invokeMethod(Invoker.java:714)
	at org.testng.internal.Invoker.invokeTestMethod(Invoker.java:901)
	at org.testng.internal.Invoker.invokeTestMethods(Invoker.java:1231)
	at org.testng.internal.TestMethodWorker.invokeTestMethods(TestMethodWorker.java:127)
	at org.testng.internal.TestMethodWorker.run(TestMethodWorker.java:111)
	at org.testng.TestRunner.privateRun(TestRunner.java:767)
	at org.testng.TestRunner.run(TestRunner.java:617)
	at org.testng.SuiteRunner.runTest(SuiteRunner.java:334)
	at org.testng.SuiteRunner.runSequentially(SuiteRunner.java:329)
	at org.testng.SuiteRunner.privateRun(SuiteRunner.java:291)
	at org.testng.SuiteRunner.run(SuiteRunner.java:240)
	at org.testng.SuiteRunnerWorker.runSuite(SuiteRunnerWorker.java:52)
	at org.testng.SuiteRunnerWorker.run(SuiteRunnerWorker.java:86)
	at org.testng.TestNG.runSuitesSequentially(TestNG.java:1224)
	at org.testng.TestNG.runSuitesSequentially(TestNG.java:1220)
	at org.testng.TestNG.runSuitesLocally(TestNG.java:1149)
	at org.testng.TestNG.run(TestNG.java:1057)
	at org.testng.remote.RemoteTestNG.run(RemoteTestNG.java:111)
	at org.testng.remote.RemoteTestNG.initAndRun(RemoteTestNG.java:204)
	at org.testng.remote.RemoteTestNG.main(RemoteTestNG.java:175)
]]>
            </full-stacktrace>
          </exception> <!-- java.lang.AssertionError -->
          <reporter-output>
          </reporter-output>
        </test-method> <!-- testForN01 -->
        <test-method status="PASS" signature="takeScreenShotOnFailure(org.testng.ITestResult, java.lang.reflect.Method)[pri:0, instance:tests.uaua.TestForum@47fd17e3]" name="takeScreenShotOnFailure" is-config="true" duration-ms="1491" started-at="2015-06-19T16:20:41Z" finished-at="2015-06-19T16:20:42Z">
          <params>
            <param index="0">
              <value>
                <![CDATA[[TestResult name=testForN01 status=FAILURE method=TestForum.testForN01()[pri:0, instance:tests.uaua.TestForum@47fd17e3] output={null}]]]>
              </value>
            </param>
            <param index="1">
              <value>
                <![CDATA[public void tests.uaua.TestForum.testForN01()]]>
              </value>
            </param>
          </params>
          <reporter-output>
          </reporter-output>
        </test-method> <!-- takeScreenShotOnFailure -->
        <test-method status="PASS" signature="beforeMethod()[pri:0, instance:tests.uaua.TestForum@47fd17e3]" name="beforeMethod" is-config="true" duration-ms="3602" started-at="2015-06-19T16:20:42Z" finished-at="2015-06-19T16:20:46Z">
          <reporter-output>
          </reporter-output>
        </test-method> <!-- beforeMethod -->
        <test-method status="FAIL" signature="testForP01()[pri:0, instance:tests.uaua.TestForum@47fd17e3]" name="testForP01" duration-ms="2617" started-at="2015-06-19T16:20:46Z" description="ID = &lt;ForP01&gt; НЕ Авторизированный пользователь не видит &#039;подписаться&#039;" finished-at="2015-06-19T16:20:48Z">
          <exception class="java.lang.AssertionError">
            <message>
              <![CDATA[expected [true] but found [false]]]>
            </message>
            <full-stacktrace>
              <![CDATA[java.lang.AssertionError: expected [true] but found [false]
	at org.testng.Assert.fail(Assert.java:94)
	at org.testng.Assert.failNotEquals(Assert.java:494)
	at org.testng.Assert.assertTrue(Assert.java:42)
	at org.testng.Assert.assertTrue(Assert.java:52)
	at tests.uaua.TestForum.testForP01(TestForum.java:135)
	at sun.reflect.NativeMethodAccessorImpl.invoke0(Native Method)
	at sun.reflect.NativeMethodAccessorImpl.invoke(Unknown Source)
	at sun.reflect.DelegatingMethodAccessorImpl.invoke(Unknown Source)
	at java.lang.reflect.Method.invoke(Unknown Source)
	at org.testng.internal.MethodInvocationHelper.invokeMethod(MethodInvocationHelper.java:84)
	at org.testng.internal.Invoker.invokeMethod(Invoker.java:714)
	at org.testng.internal.Invoker.invokeTestMethod(Invoker.java:901)
	at org.testng.internal.Invoker.invokeTestMethods(Invoker.java:1231)
	at org.testng.internal.TestMethodWorker.invokeTestMethods(TestMethodWorker.java:127)
	at org.testng.internal.TestMethodWorker.run(TestMethodWorker.java:111)
	at org.testng.TestRunner.privateRun(TestRunner.java:767)
	at org.testng.TestRunner.run(TestRunner.java:617)
	at org.testng.SuiteRunner.runTest(SuiteRunner.java:334)
	at org.testng.SuiteRunner.runSequentially(SuiteRunner.java:329)
	at org.testng.SuiteRunner.privateRun(SuiteRunner.java:291)
	at org.testng.SuiteRunner.run(SuiteRunner.java:240)
	at org.testng.SuiteRunnerWorker.runSuite(SuiteRunnerWorker.java:52)
	at org.testng.SuiteRunnerWorker.run(SuiteRunnerWorker.java:86)
	at org.testng.TestNG.runSuitesSequentially(TestNG.java:1224)
	at org.testng.TestNG.runSuitesSequentially(TestNG.java:1220)
	at org.testng.TestNG.runSuitesLocally(TestNG.java:1149)
	at org.testng.TestNG.run(TestNG.java:1057)
	at org.testng.remote.RemoteTestNG.run(RemoteTestNG.java:111)
	at org.testng.remote.RemoteTestNG.initAndRun(RemoteTestNG.java:204)
	at org.testng.remote.RemoteTestNG.main(RemoteTestNG.java:175)
]]>
            </full-stacktrace>
          </exception> <!-- java.lang.AssertionError -->
          <reporter-output>
          </reporter-output>
        </test-method> <!-- testForP01 -->
        <test-method status="PASS" signature="takeScreenShotOnFailure(org.testng.ITestResult, java.lang.reflect.Method)[pri:0, instance:tests.uaua.TestForum@47fd17e3]" name="takeScreenShotOnFailure" is-config="true" duration-ms="6320" started-at="2015-06-19T16:20:48Z" finished-at="2015-06-19T16:20:55Z">
          <params>
            <param index="0">
              <value>
                <![CDATA[[TestResult name=testForP01 status=FAILURE method=TestForum.testForP01()[pri:0, instance:tests.uaua.TestForum@47fd17e3] output={null}]]]>
              </value>
            </param>
            <param index="1">
              <value>
                <![CDATA[public void tests.uaua.TestForum.testForP01()]]>
              </value>
            </param>
          </params>
          <reporter-output>
          </reporter-output>
        </test-method> <!-- takeScreenShotOnFailure -->
        <test-method status="PASS" signature="beforeMethod()[pri:0, instance:tests.uaua.TestForum@47fd17e3]" name="beforeMethod" is-config="true" duration-ms="4107" started-at="2015-06-19T16:20:55Z" finished-at="2015-06-19T16:20:59Z">
          <reporter-output>
          </reporter-output>
        </test-method> <!-- beforeMethod -->
        <test-method status="FAIL" signature="testForP02()[pri:0, instance:tests.uaua.TestForum@47fd17e3]" name="testForP02" duration-ms="32958" started-at="2015-06-19T16:20:59Z" description="ID = &lt;ForP02&gt; Авторизированный пользователь видит  элементы подписаться" finished-at="2015-06-19T16:21:32Z">
          <exception class="java.lang.AssertionError">
            <message>
              <![CDATA[null]]>
            </message>
            <full-stacktrace>
              <![CDATA[java.lang.AssertionError: null
	at org.testng.Assert.fail(Assert.java:94)
	at org.testng.Assert.fail(Assert.java:101)
	at tests.uaua.TestForum.testForP02(TestForum.java:151)
	at sun.reflect.NativeMethodAccessorImpl.invoke0(Native Method)
	at sun.reflect.NativeMethodAccessorImpl.invoke(Unknown Source)
	at sun.reflect.DelegatingMethodAccessorImpl.invoke(Unknown Source)
	at java.lang.reflect.Method.invoke(Unknown Source)
	at org.testng.internal.MethodInvocationHelper.invokeMethod(MethodInvocationHelper.java:84)
	at org.testng.internal.Invoker.invokeMethod(Invoker.java:714)
	at org.testng.internal.Invoker.invokeTestMethod(Invoker.java:901)
	at org.testng.internal.Invoker.invokeTestMethods(Invoker.java:1231)
	at org.testng.internal.TestMethodWorker.invokeTestMethods(TestMethodWorker.java:127)
	at org.testng.internal.TestMethodWorker.run(TestMethodWorker.java:111)
	at org.testng.TestRunner.privateRun(TestRunner.java:767)
	at org.testng.TestRunner.run(TestRunner.java:617)
	at org.testng.SuiteRunner.runTest(SuiteRunner.java:334)
	at org.testng.SuiteRunner.runSequentially(SuiteRunner.java:329)
	at org.testng.SuiteRunner.privateRun(SuiteRunner.java:291)
	at org.testng.SuiteRunner.run(SuiteRunner.java:240)
	at org.testng.SuiteRunnerWorker.runSuite(SuiteRunnerWorker.java:52)
	at org.testng.SuiteRunnerWorker.run(SuiteRunnerWorker.java:86)
	at org.testng.TestNG.runSuitesSequentially(TestNG.java:1224)
	at org.testng.TestNG.runSuitesSequentially(TestNG.java:1220)
	at org.testng.TestNG.runSuitesLocally(TestNG.java:1149)
	at org.testng.TestNG.run(TestNG.java:1057)
	at org.testng.remote.RemoteTestNG.run(RemoteTestNG.java:111)
	at org.testng.remote.RemoteTestNG.initAndRun(RemoteTestNG.java:204)
	at org.testng.remote.RemoteTestNG.main(RemoteTestNG.java:175)
]]>
            </full-stacktrace>
          </exception> <!-- java.lang.AssertionError -->
          <reporter-output>
          </reporter-output>
        </test-method> <!-- testForP02 -->
        <test-method status="PASS" signature="takeScreenShotOnFailure(org.testng.ITestResult, java.lang.reflect.Method)[pri:0, instance:tests.uaua.TestForum@47fd17e3]" name="takeScreenShotOnFailure" is-config="true" duration-ms="3954" started-at="2015-06-19T16:21:32Z" finished-at="2015-06-19T16:21:36Z">
          <params>
            <param index="0">
              <value>
                <![CDATA[[TestResult name=testForP02 status=FAILURE method=TestForum.testForP02()[pri:0, instance:tests.uaua.TestForum@47fd17e3] output={null}]]]>
              </value>
            </param>
            <param index="1">
              <value>
                <![CDATA[public void tests.uaua.TestForum.testForP02()]]>
              </value>
            </param>
          </params>
          <reporter-output>
          </reporter-output>
        </test-method> <!-- takeScreenShotOnFailure -->
        <test-method status="PASS" signature="beforeMethod()[pri:0, instance:tests.uaua.TestForum@47fd17e3]" name="beforeMethod" is-config="true" duration-ms="3635" started-at="2015-06-19T16:21:36Z" finished-at="2015-06-19T16:21:39Z">
          <reporter-output>
          </reporter-output>
        </test-method> <!-- beforeMethod -->
        <test-method status="FAIL" signature="testForP03()[pri:0, instance:tests.uaua.TestForum@47fd17e3]" name="testForP03" duration-ms="32893" started-at="2015-06-19T16:21:39Z" description="ID = &lt;ForP03&gt; Авторизированный пользователь пожет подписаться/отписаться  1й элемент" finished-at="2015-06-19T16:22:12Z">
          <exception class="java.lang.AssertionError">
            <message>
              <![CDATA[null]]>
            </message>
            <full-stacktrace>
              <![CDATA[java.lang.AssertionError: null
	at org.testng.Assert.fail(Assert.java:94)
	at org.testng.Assert.fail(Assert.java:101)
	at tests.uaua.TestForum.testForP03(TestForum.java:174)
	at sun.reflect.NativeMethodAccessorImpl.invoke0(Native Method)
	at sun.reflect.NativeMethodAccessorImpl.invoke(Unknown Source)
	at sun.reflect.DelegatingMethodAccessorImpl.invoke(Unknown Source)
	at java.lang.reflect.Method.invoke(Unknown Source)
	at org.testng.internal.MethodInvocationHelper.invokeMethod(MethodInvocationHelper.java:84)
	at org.testng.internal.Invoker.invokeMethod(Invoker.java:714)
	at org.testng.internal.Invoker.invokeTestMethod(Invoker.java:901)
	at org.testng.internal.Invoker.invokeTestMethods(Invoker.java:1231)
	at org.testng.internal.TestMethodWorker.invokeTestMethods(TestMethodWorker.java:127)
	at org.testng.internal.TestMethodWorker.run(TestMethodWorker.java:111)
	at org.testng.TestRunner.privateRun(TestRunner.java:767)
	at org.testng.TestRunner.run(TestRunner.java:617)
	at org.testng.SuiteRunner.runTest(SuiteRunner.java:334)
	at org.testng.SuiteRunner.runSequentially(SuiteRunner.java:329)
	at org.testng.SuiteRunner.privateRun(SuiteRunner.java:291)
	at org.testng.SuiteRunner.run(SuiteRunner.java:240)
	at org.testng.SuiteRunnerWorker.runSuite(SuiteRunnerWorker.java:52)
	at org.testng.SuiteRunnerWorker.run(SuiteRunnerWorker.java:86)
	at org.testng.TestNG.runSuitesSequentially(TestNG.java:1224)
	at org.testng.TestNG.runSuitesSequentially(TestNG.java:1220)
	at org.testng.TestNG.runSuitesLocally(TestNG.java:1149)
	at org.testng.TestNG.run(TestNG.java:1057)
	at org.testng.remote.RemoteTestNG.run(RemoteTestNG.java:111)
	at org.testng.remote.RemoteTestNG.initAndRun(RemoteTestNG.java:204)
	at org.testng.remote.RemoteTestNG.main(RemoteTestNG.java:175)
]]>
            </full-stacktrace>
          </exception> <!-- java.lang.AssertionError -->
          <reporter-output>
          </reporter-output>
        </test-method> <!-- testForP03 -->
        <test-method status="PASS" signature="takeScreenShotOnFailure(org.testng.ITestResult, java.lang.reflect.Method)[pri:0, instance:tests.uaua.TestForum@47fd17e3]" name="takeScreenShotOnFailure" is-config="true" duration-ms="2024" started-at="2015-06-19T16:22:12Z" finished-at="2015-06-19T16:22:14Z">
          <params>
            <param index="0">
              <value>
                <![CDATA[[TestResult name=testForP03 status=FAILURE method=TestForum.testForP03()[pri:0, instance:tests.uaua.TestForum@47fd17e3] output={null}]]]>
              </value>
            </param>
            <param index="1">
              <value>
                <![CDATA[public void tests.uaua.TestForum.testForP03() throws java.io.IOException]]>
              </value>
            </param>
          </params>
          <reporter-output>
          </reporter-output>
        </test-method> <!-- takeScreenShotOnFailure -->
        <test-method status="PASS" signature="beforeMethod()[pri:0, instance:tests.uaua.TestForum@47fd17e3]" name="beforeMethod" is-config="true" duration-ms="3599" started-at="2015-06-19T16:22:14Z" finished-at="2015-06-19T16:22:18Z">
          <reporter-output>
          </reporter-output>
        </test-method> <!-- beforeMethod -->
        <test-method status="PASS" signature="testForP05()[pri:0, instance:tests.uaua.TestForum@47fd17e3]" name="testForP05" duration-ms="8159" started-at="2015-06-19T16:22:18Z" description="ID = &lt;ForP05&gt; Поиск по форуму" finished-at="2015-06-19T16:22:26Z">
          <reporter-output>
          </reporter-output>
        </test-method> <!-- testForP05 -->
        <test-method status="PASS" signature="takeScreenShotOnFailure(org.testng.ITestResult, java.lang.reflect.Method)[pri:0, instance:tests.uaua.TestForum@47fd17e3]" name="takeScreenShotOnFailure" is-config="true" duration-ms="1980" started-at="2015-06-19T16:22:26Z" finished-at="2015-06-19T16:22:28Z">
          <params>
            <param index="0">
              <value>
                <![CDATA[[TestResult name=testForP05 status=SUCCESS method=TestForum.testForP05()[pri:0, instance:tests.uaua.TestForum@47fd17e3] output={null}]]]>
              </value>
            </param>
            <param index="1">
              <value>
                <![CDATA[public void tests.uaua.TestForum.testForP05()]]>
              </value>
            </param>
          </params>
          <reporter-output>
          </reporter-output>
        </test-method> <!-- takeScreenShotOnFailure -->
        <test-method status="PASS" signature="beforeMethod()[pri:0, instance:tests.uaua.TestForum@47fd17e3]" name="beforeMethod" is-config="true" duration-ms="4172" started-at="2015-06-19T16:22:28Z" finished-at="2015-06-19T16:22:32Z">
          <reporter-output>
          </reporter-output>
        </test-method> <!-- beforeMethod -->
        <test-method status="PASS" signature="testForS01()[pri:0, instance:tests.uaua.TestForum@47fd17e3]" name="testForS01" duration-ms="13931" started-at="2015-06-19T16:22:32Z" description="ID = &lt;ForS01&gt; Снятие скриншотов  с развернутого и свернутого вариантов форума" finished-at="2015-06-19T16:22:46Z">
          <reporter-output>
          </reporter-output>
        </test-method> <!-- testForS01 -->
        <test-method status="PASS" signature="takeScreenShotOnFailure(org.testng.ITestResult, java.lang.reflect.Method)[pri:0, instance:tests.uaua.TestForum@47fd17e3]" name="takeScreenShotOnFailure" is-config="true" duration-ms="1635" started-at="2015-06-19T16:22:46Z" finished-at="2015-06-19T16:22:48Z">
          <params>
            <param index="0">
              <value>
                <![CDATA[[TestResult name=testForS01 status=SUCCESS method=TestForum.testForS01()[pri:0, instance:tests.uaua.TestForum@47fd17e3] output={null}]]]>
              </value>
            </param>
            <param index="1">
              <value>
                <![CDATA[public void tests.uaua.TestForum.testForS01() throws java.io.IOException]]>
              </value>
            </param>
          </params>
          <reporter-output>
          </reporter-output>
        </test-method> <!-- takeScreenShotOnFailure -->
        <test-method status="PASS" signature="beforeMethod()[pri:0, instance:tests.uaua.TestForum@47fd17e3]" name="beforeMethod" is-config="true" duration-ms="3320" started-at="2015-06-19T16:22:48Z" finished-at="2015-06-19T16:22:51Z">
          <reporter-output>
          </reporter-output>
        </test-method> <!-- beforeMethod -->
        <test-method status="PASS" signature="testForU01()[pri:0, instance:tests.uaua.TestForum@47fd17e3]" name="testForU01" duration-ms="6236" started-at="2015-06-19T16:22:51Z" description="ID = &lt;ForU01&gt; обратно на uaua.info" finished-at="2015-06-19T16:22:57Z">
          <reporter-output>
          </reporter-output>
        </test-method> <!-- testForU01 -->
        <test-method status="PASS" signature="takeScreenShotOnFailure(org.testng.ITestResult, java.lang.reflect.Method)[pri:0, instance:tests.uaua.TestForum@47fd17e3]" name="takeScreenShotOnFailure" is-config="true" duration-ms="1854" started-at="2015-06-19T16:22:57Z" finished-at="2015-06-19T16:22:59Z">
          <params>
            <param index="0">
              <value>
                <![CDATA[[TestResult name=testForU01 status=SUCCESS method=TestForum.testForU01()[pri:0, instance:tests.uaua.TestForum@47fd17e3] output={null}]]]>
              </value>
            </param>
            <param index="1">
              <value>
                <![CDATA[public void tests.uaua.TestForum.testForU01()]]>
              </value>
            </param>
          </params>
          <reporter-output>
          </reporter-output>
        </test-method> <!-- takeScreenShotOnFailure -->
        <test-method status="PASS" signature="tearDown()[pri:0, instance:tests.uaua.TestForum@47fd17e3]" name="tearDown" is-config="true" duration-ms="8981" started-at="2015-06-19T16:22:59Z" finished-at="2015-06-19T16:23:08Z">
          <reporter-output>
          </reporter-output>
        </test-method> <!-- tearDown -->
      </class> <!-- tests.uaua.TestForum -->
    </test> <!-- FirefoxTest -->
  </suite> <!-- uaua.firefox -->
  <suite name="UAUA" duration-ms="0" started-at="2015-06-19T13:29:55Z" finished-at="2015-06-19T13:29:55Z">
    <groups>
    </groups>
  </suite> <!-- UAUA -->
</testng-results>
